[20:29:47] INFO     dxcam 초기화 성공 (device: Device[0]:<Device Name:NVIDIA GeForce RTX 5060 Ti Dedicated VRAM:7891Mb VendorId:4318>
, 화면: 1920x1080)
[20:30:03] INFO     dxcam 초기화 성공 (device: Device[0]:<Device Name:NVIDIA GeForce RTX 5060 Ti Dedicated VRAM:7891Mb VendorId:4318>
, 화면: 1920x1080)
[20:30:05] INFO     게임 창 발견: HWND=263854
[20:30:05] DEBUG    게임 클라이언트 영역: x=16, y=92, w=1280, h=720
[20:30:27] INFO     게임 창 발견: HWND=263854
[20:30:27] DEBUG    게임 클라이언트 영역: x=2, y=68, w=1280, h=720
[20:30:27] INFO     사냥 루프 시작
[20:30:27] DEBUG    게임 창 포그라운드 전환: HWND=263854
[20:30:27] DEBUG    템플릿 로딩: monster_bottom.png ((108, 135, 3))
[20:30:27] DEBUG    템플릿 로딩: monster_left.png ((88, 207, 3))
[20:30:27] DEBUG    템플릿 자동 반전: monster_left.png → monster_right.png
[20:30:27] DEBUG    템플릿 로딩: monster_left_bottom.png ((98, 161, 3))
[20:30:27] DEBUG    템플릿 자동 반전: monster_left_bottom.png → monster_right_bottom.png
[20:30:27] DEBUG    템플릿 로딩: monster_left_top.png ((99, 167, 3))
[20:30:27] DEBUG    템플릿 자동 반전: monster_left_top.png → monster_right_top.png
[20:30:27] DEBUG    템플릿 스킵 (자동 반전 사용): monster_right.png
[20:30:27] DEBUG    템플릿 스킵 (자동 반전 사용): monster_right_bottom.png
[20:30:27] DEBUG    템플릿 스킵 (자동 반전 사용): monster_right_top.png
[20:30:27] DEBUG    템플릿 로딩: monster_top.png ((128, 80, 3))
[20:30:27] INFO     몬스터 템플릿 8개 로딩 완료 (자동 반전 포함)
[20:30:27] DEBUG    늑대 감지: 2마리
[20:30:27] DEBUG      → (543,447) 72x115 score=0.702 [monster_top.png]
[20:30:27] DEBUG      → (472,103) 227x96 score=0.551 [monster_left.png]
[20:30:27] INFO     게임 창 발견: HWND=263854
[20:30:27] DEBUG    게임 클라이언트 영역: x=2, y=68, w=1280, h=720
[20:30:27] DEBUG    캐릭터 HP: 0.7%
[20:30:27] DEBUG    [sendinput] 키 입력: scan=0x02
[20:30:27] INFO     물약 사용! (HP: 0.7%, 임계값: 50%)
[20:30:28] INFO     대상 없음 (사유: not_found), 재탐색 대기...
[20:30:28] INFO     연속 2회 미발견 → 랜덤 이동
[20:30:29] DEBUG    [sendinput] 클릭: (884, 428) → abs(42917, 30872)
[20:30:29] INFO     랜덤 이동: → (883, 428)
[20:30:30] INFO     대상 없음 (사유: not_found), 재탐색 대기...
[20:30:30] DEBUG    늑대 감지: 1마리
[20:30:30] DEBUG      → (662,495) 167x99 score=0.732 [monster_left_top.png]
[20:30:31] INFO     연속 2회 미발견 → 랜덤 이동
[20:30:31] DEBUG    [sendinput] 클릭: (466, 251) → abs(33783, 24827)
[20:30:31] INFO     랜덤 이동: ↖ (466, 252)
[20:30:32] DEBUG    늑대 감지: 1마리
[20:30:32] DEBUG      → (62,251) 227x96 score=0.559 [monster_left.png]
[20:30:32] DEBUG    캐릭터 HP: 0.7%
[20:30:32] DEBUG    [sendinput] 키 입력: scan=0x02
[20:30:32] INFO     물약 사용! (HP: 0.7%, 임계값: 50%)
[20:30:33] DEBUG    늑대 감지: 1마리
[20:30:33] DEBUG      → (21,254) 207x88 score=0.814 [monster_left.png]
[20:30:33] INFO     가장 가까운 몬스터: (21,254) score=0.814 [monster_left.png]
[20:30:33] INFO     몬스터 감지: (126,366) bbox=(21, 254, 207, 88)
[20:30:33] DEBUG    [sendinput] 클릭: (127, 368) → abs(26375, 28823)
[20:30:33] INFO     공격: (126, 366)
[20:30:33] DEBUG    늑대 감지: 1마리
[20:30:33] DEBUG      → (534,431) 167x99 score=0.758 [monster_left_top.png]
[20:30:33] DEBUG    감지 실패 (1/3)
[20:30:33] DEBUG    감지 대기 중 (1/3)
[20:30:34] DEBUG    감지 실패 (2/3)
[20:30:34] DEBUG    감지 대기 중 (2/3)
[20:30:34] DEBUG    늑대 감지: 1마리
[20:30:34] DEBUG      → (816,155) 161x98 score=0.561 [monster_left_bottom.png]
[20:30:35] DEBUG    늑대 감지: 1마리
[20:30:35] DEBUG      → (470,399) 167x99 score=0.689 [monster_left_top.png]
[20:30:35] INFO     가장 가까운 몬스터: (470,399) score=0.689 [monster_left_top.png]
[20:30:35] DEBUG    [sendinput] 클릭: (554, 517) → abs(35706, 33911)
[20:30:35] INFO     공격: (555, 516)
[20:30:35] DEBUG    감지 실패 (1/3)
[20:30:35] DEBUG    감지 대기 중 (1/3)
[20:30:36] DEBUG    늑대 감지: 1마리
[20:30:36] DEBUG      → (837,175) 121x97 score=0.645 [monster_bottom.png]
[20:30:36] INFO     가장 가까운 몬스터: (837,175) score=0.645 [monster_bottom.png]
[20:30:36] DEBUG    ROI 재탐색 성공: (858,161) score=0.666
[20:30:36] DEBUG    클릭 전 위치 보정: (902, 296)
[20:30:36] DEBUG    늑대 감지: 1마리
[20:30:36] DEBUG      → (863,166) 72x115 score=0.615 [monster_top.png]
[20:30:36] DEBUG    [sendinput] 클릭: (904, 295) → abs(43354, 26330)
[20:30:36] INFO     공격: (902, 296) (보정됨, 원본: (899, 291))
[20:30:36] DEBUG    캐릭터 HP: 0.7%
[20:30:36] DEBUG    [sendinput] 키 입력: scan=0x02
[20:30:36] INFO     물약 사용! (HP: 0.7%, 임계값: 50%)
[20:30:36] DEBUG    ROI 재탐색 성공: (832,210) score=0.606
[20:30:37] DEBUG    ROI 재탐색 성공: (834,224) score=0.557
[20:30:37] DEBUG    클릭 전 위치 보정: (900, 343)
[20:30:37] DEBUG    [sendinput] 클릭: (898, 341) → abs(43223, 27901)
[20:30:37] INFO     공격: (900, 343) (보정됨, 원본: (898, 329))
[20:30:37] DEBUG    늑대 감지: 1마리
[20:30:37] DEBUG      → (837,207) 121x97 score=0.635 [monster_bottom.png]
[20:30:37] DEBUG    ROI 재탐색 성공: (832,222) score=0.627
[20:30:37] DEBUG    ROI 재탐색 성공: (833,226) score=0.600
[20:30:37] DEBUG    클릭 전 위치 보정: (899, 345)
[20:30:37] DEBUG    [sendinput] 클릭: (898, 347) → abs(43223, 28105)
[20:30:37] INFO     공격: (899, 345) (보정됨, 원본: (898, 341))
[20:30:37] DEBUG    늑대 감지: 1마리
[20:30:37] DEBUG      → (837,234) 121x97 score=0.595 [monster_bottom.png]
[20:30:38] DEBUG    감지 실패 (1/3)
[20:30:38] DEBUG    감지 대기 중 (1/3)
[20:30:38] DEBUG    ROI 재탐색 성공: (834,269) score=0.659
[20:30:38] DEBUG    ROI 재탐색 성공: (862,262) score=0.609
[20:30:38] DEBUG    클릭 전 위치 보정: (902, 390)
[20:30:38] DEBUG    [sendinput] 클릭: (900, 388) → abs(43267, 29506)
[20:30:38] INFO     공격: (902, 390) (보정됨, 원본: (900, 388))
[20:30:38] DEBUG    늑대 감지: 1마리
[20:30:38] DEBUG      → (829,254) 135x108 score=0.674 [monster_bottom.png]
[20:30:38] DEBUG    ROI 재탐색 성공: (832,282) score=0.651
[20:30:38] DEBUG    ROI 재탐색 성공: (826,283) score=0.709
[20:30:38] DEBUG    클릭 전 위치 보정: (898, 407)
[20:30:38] DEBUG    [sendinput] 클릭: (898, 409) → abs(43223, 30223)
[20:30:38] INFO     공격: (898, 407) (보정됨, 원본: (898, 401))
[20:30:38] DEBUG    늑대 감지: 1마리
[20:30:38] DEBUG      → (829,279) 135x108 score=0.641 [monster_bottom.png]
[20:30:39] DEBUG    ROI 재탐색 성공: (873,285) score=0.616
[20:30:39] DEBUG    ROI 재탐색 성공: (853,297) score=0.609
[20:30:39] DEBUG    클릭 전 위치 보정: (919, 416)
[20:30:39] DEBUG    [sendinput] 클릭: (918, 415) → abs(43660, 30428)
[20:30:39] INFO     공격: (919, 416) (보정됨, 원본: (913, 413))
[20:30:39] DEBUG    ROI 재탐색 성공: (864,292) score=0.785
[20:30:39] DEBUG    ROI 재탐색 성공: (862,291) score=0.914
[20:30:39] DEBUG    클릭 전 위치 보정: (931, 413)
[20:30:39] DEBUG    [sendinput] 클릭: (932, 411) → abs(43966, 30291)
[20:30:39] INFO     공격: (931, 413) (보정됨, 원본: (930, 411))
[20:30:39] DEBUG    늑대 감지: 1마리
[20:30:39] DEBUG      → (860,306) 135x108 score=0.674 [monster_bottom.png]
[20:30:39] DEBUG    ROI 재탐색 성공: (865,276) score=0.667
[20:30:39] DEBUG    ROI 재탐색 성공: (860,275) score=0.704
[20:30:39] DEBUG    클릭 전 위치 보정: (932, 399)
[20:30:39] DEBUG    [sendinput] 클릭: (931, 399) → abs(43944, 29881)
[20:30:39] INFO     공격: (932, 399) (보정됨, 원본: (931, 395))
[20:30:40] DEBUG    HP 변화 없음 (1/3) ratio=0.00
[20:30:40] DEBUG    ROI 재탐색 성공: (858,267) score=0.811
[20:30:40] DEBUG    늑대 감지: 1마리
[20:30:40] DEBUG      → (868,276) 121x97 score=0.649 [monster_bottom.png]
[20:30:40] DEBUG    ROI 재탐색 성공: (862,280) score=0.919
[20:30:40] DEBUG    클릭 전 위치 보정: (931, 402)
[20:30:40] DEBUG    [sendinput] 클릭: (932, 403) → abs(43966, 30018)
[20:30:40] INFO     공격: (931, 402) (보정됨, 원본: (930, 391))
[20:30:40] DEBUG    캐릭터 HP: 0.7%
[20:30:40] DEBUG    [sendinput] 키 입력: scan=0x02
[20:30:40] INFO     물약 사용! (HP: 0.7%, 임계값: 50%)
[20:30:40] DEBUG    ROI 재탐색 성공: (860,301) score=0.693
[20:30:40] DEBUG    ROI 재탐색 성공: (860,301) score=0.693
[20:30:40] DEBUG    클릭 전 위치 보정: (932, 425)
[20:30:40] DEBUG    [sendinput] 클릭: (930, 424) → abs(43923, 30735)
[20:30:40] INFO     공격: (932, 425) (보정됨, 원본: (932, 425))
[20:30:40] DEBUG    늑대 감지: 1마리
[20:30:40] DEBUG      → (896,278) 72x115 score=0.665 [monster_top.png]
[20:30:41] DEBUG    ROI 재탐색 성공: (858,299) score=0.804
[20:30:41] DEBUG    ROI 재탐색 성공: (858,306) score=0.793
[20:30:41] DEBUG    클릭 전 위치 보정: (930, 430)
[20:30:41] DEBUG    [sendinput] 클릭: (930, 430) → abs(43923, 30940)
[20:30:41] INFO     공격: (930, 430) (보정됨, 원본: (930, 423))
[20:30:41] DEBUG    ROI 재탐색 성공: (894,306) score=0.659
[20:30:41] DEBUG    ROI 재탐색 성공: (865,323) score=0.658
[20:30:41] DEBUG    클릭 전 위치 보정: (931, 442)
[20:30:41] DEBUG    늑대 감지: 2마리
[20:30:41] DEBUG      → (855,303) 148x118 score=0.774 [monster_bottom.png]
[20:30:41] DEBUG      → (80,299) 161x98 score=0.587 [monster_left_bottom.png]
[20:30:41] DEBUG    [sendinput] 클릭: (932, 443) → abs(43966, 31384)
[20:30:41] INFO     공격: (931, 442) (보정됨, 원본: (934, 434))
[20:30:41] DEBUG    ROI 재탐색 성공: (858,338) score=0.785
[20:30:41] DEBUG    ROI 재탐색 성공: (862,344) score=0.899
[20:30:41] DEBUG    클릭 전 위치 보정: (931, 466)
[20:30:41] DEBUG    [sendinput] 클릭: (929, 468) → abs(43901, 32238)
[20:30:41] INFO     공격: (931, 466) (보정됨, 원본: (930, 462))
[20:30:42] DEBUG    늑대 감지: 2마리
[20:30:42] DEBUG      → (861,327) 135x108 score=0.740 [monster_bottom.png]
[20:30:42] DEBUG      → (52,313) 161x98 score=0.577 [monster_left_bottom.png]
[20:30:42] DEBUG    감지 상태 초기화
[20:30:42] INFO     매크로 중지 요청
[20:30:42] INFO     사냥 루프 종료
[20:30:55] INFO     게임 창 발견: HWND=263854
[20:30:55] DEBUG    게임 클라이언트 영역: x=2, y=68, w=1280, h=720
[20:30:55] INFO     사냥 루프 시작
[20:30:55] DEBUG    게임 창 포그라운드 전환: HWND=263854
[20:30:56] DEBUG    늑대 감지: 1마리
[20:30:56] DEBUG      → (825,312) 161x98 score=0.563 [monster_left_bottom.png]
[20:30:56] INFO     게임 창 발견: HWND=263854
[20:30:56] DEBUG    게임 클라이언트 영역: x=2, y=68, w=1280, h=720
[20:30:56] DEBUG    캐릭터 HP: 0.7%
[20:30:56] DEBUG    [sendinput] 키 입력: scan=0x02
[20:30:56] INFO     물약 사용! (HP: 0.7%, 임계값: 50%)
[20:30:56] DEBUG    늑대 감지: 1마리
[20:30:56] DEBUG      → (81,395) 161x98 score=0.556 [monster_left_bottom.png]
[20:30:56] INFO     가장 가까운 몬스터: (81,395) score=0.556 [monster_left_bottom.png]
[20:30:56] INFO     몬스터 감지: (163,512) bbox=(81, 395, 161, 98)
[20:30:56] DEBUG    [sendinput] 클릭: (163, 513) → abs(27162, 33774)
[20:30:56] INFO     공격: (163, 512)
[20:30:56] DEBUG    늑대 감지: 1마리
[20:30:56] DEBUG      → (1082,510) 88x140 score=0.617 [monster_top.png]
[20:30:57] DEBUG    감지 실패 (1/3)
[20:30:57] DEBUG    감지 대기 중 (1/3)
[20:30:57] DEBUG    ROI 재탐색 성공: (14,425) score=0.585
[20:30:57] DEBUG    [sendinput] 클릭: (101, 543) → abs(25807, 34799)
[20:30:57] INFO     공격: (100, 544)
[20:30:58] DEBUG    늑대 감지: 2마리
[20:30:58] DEBUG      → (20,425) 161x98 score=0.779 [monster_left_bottom.png]
[20:30:58] DEBUG      → (1014,511) 167x99 score=0.721 [monster_left_top.png]
[20:30:58] DEBUG    늑대 감지: 1마리
[20:30:58] DEBUG      → (1050,475) 88x140 score=0.732 [monster_top.png]
[20:30:58] INFO     가장 가까운 몬스터: (1050,475) score=0.732 [monster_top.png]
[20:30:58] DEBUG    ROI 재탐색 성공: (1054,463) score=0.740
[20:30:58] DEBUG    클릭 전 위치 보정: (1094, 591)
[20:30:58] DEBUG    [sendinput] 클릭: (1095, 591) → abs(47528, 36438)
[20:30:58] INFO     공격: (1094, 591) (보정됨, 원본: (1096, 613))
[20:30:58] DEBUG    늑대 감지: 1마리
[20:30:58] DEBUG      → (1053,462) 80x128 score=0.953 [monster_top.png]
[20:30:58] DEBUG    ROI 재탐색 성공: (1051,436) score=0.704
[20:30:58] DEBUG    ROI 재탐색 성공: (1054,435) score=0.749
[20:30:58] DEBUG    클릭 전 위치 보정: (1094, 563)
[20:30:58] DEBUG    [sendinput] 클릭: (1093, 561) → abs(47485, 35414)
[20:30:58] INFO     공격: (1094, 563) (보정됨, 원본: (1095, 571))
[20:30:59] DEBUG    늑대 감지: 1마리
[20:30:59] DEBUG      → (1052,432) 80x128 score=0.731 [monster_top.png]
[20:30:59] DEBUG    늑대 감지: 1마리
[20:30:59] DEBUG      → (436,281) 161x98 score=0.570 [monster_left_bottom.png]
[20:30:59] INFO     가장 가까운 몬스터: (436,281) score=0.570 [monster_left_bottom.png]
[20:30:59] DEBUG    [sendinput] 클릭: (518, 398) → abs(34919, 29847)
[20:30:59] INFO     공격: (518, 398)
[20:30:59] DEBUG    캐릭터 HP: 0.7%
[20:30:59] DEBUG    늑대 감지: 1마리
[20:30:59] DEBUG      → (788,310) 227x96 score=0.572 [monster_left.png]
[20:30:59] DEBUG    [sendinput] 키 입력: scan=0x02
[20:30:59] INFO     물약 사용! (HP: 0.7%, 임계값: 50%)
[20:31:00] DEBUG    늑대 감지: 1마리
[20:31:00] DEBUG      → (1023,416) 72x115 score=0.734 [monster_top.png]
[20:31:00] INFO     가장 가까운 몬스터: (1023,416) score=0.734 [monster_top.png]
[20:31:00] DEBUG    게임 창 포그라운드 전환: HWND=263854
[20:31:00] DEBUG    ROI 재탐색 성공: (1023,385) score=0.767
[20:31:00] DEBUG    클릭 전 위치 보정: (1063, 513)
[20:31:00] DEBUG    늑대 감지: 1마리
[20:31:00] DEBUG      → (1024,414) 72x115 score=0.722 [monster_top.png]
[20:31:00] DEBUG    [sendinput] 클릭: (1063, 514) → abs(46829, 33809)
[20:31:00] INFO     공격: (1063, 513) (보정됨, 원본: (1061, 541))
[20:31:00] DEBUG    ROI 재탐색 성공: (1023,377) score=0.750
[20:31:00] DEBUG    ROI 재탐색 성공: (1019,366) score=0.740
[20:31:00] DEBUG    클릭 전 위치 보정: (1063, 501)
[20:31:00] DEBUG    [sendinput] 클릭: (1061, 499) → abs(46785, 33296)
[20:31:00] INFO     공격: (1063, 501) (보정됨, 원본: (1063, 505))
[20:31:01] DEBUG    늑대 감지: 1마리
[20:31:01] DEBUG      → (1024,380) 72x115 score=0.703 [monster_top.png]
[20:31:01] DEBUG    감지 상태 초기화
[20:31:01] INFO     매크로 중지 요청
[20:31:01] DEBUG    ROI 재탐색 성공: (1021,350) score=0.947
[20:31:01] INFO     몬스터 감지: (1063,482) bbox=(1021, 350, 80, 128)
[20:31:01] DEBUG    게임 창 포그라운드 전환: HWND=263854
[20:31:01] DEBUG    ROI 재탐색 성공: (1022,363) score=0.735
[20:31:01] DEBUG    클릭 전 위치 보정: (1062, 491)
[20:31:01] DEBUG    [sendinput] 클릭: (1063, 492) → abs(46829, 33057)
[20:31:01] INFO     공격: (1062, 491) (보정됨, 원본: (1063, 482))
[20:31:01] INFO     사냥 루프 종료
[20:32:11] INFO     dxcam 초기화 성공 (device: Device[0]:<Device Name:NVIDIA GeForce RTX 5060 Ti Dedicated VRAM:7891Mb VendorId:4318>
, 화면: 1920x1080)
[20:32:13] INFO     게임 창 발견: HWND=263854
[20:32:13] DEBUG    게임 클라이언트 영역: x=2, y=68, w=1280, h=720
[20:32:34] INFO     게임 창 발견: HWND=263854
[20:32:34] DEBUG    게임 클라이언트 영역: x=4, y=31, w=1280, h=720
[20:32:34] INFO     사냥 루프 시작
[20:32:34] DEBUG    게임 창 포그라운드 전환: HWND=263854
[20:32:34] DEBUG    템플릿 로딩: monster_bottom.png ((108, 135, 3))
[20:32:34] DEBUG    템플릿 로딩: monster_left.png ((88, 207, 3))
[20:32:34] DEBUG    템플릿 자동 반전: monster_left.png → monster_right.png
[20:32:34] DEBUG    템플릿 로딩: monster_left_bottom.png ((98, 161, 3))
[20:32:34] DEBUG    템플릿 자동 반전: monster_left_bottom.png → monster_right_bottom.png
[20:32:34] DEBUG    템플릿 로딩: monster_left_top.png ((99, 167, 3))
[20:32:34] DEBUG    템플릿 자동 반전: monster_left_top.png → monster_right_top.png
[20:32:34] DEBUG    템플릿 스킵 (자동 반전 사용): monster_right.png
[20:32:34] DEBUG    템플릿 스킵 (자동 반전 사용): monster_right_bottom.png
[20:32:34] DEBUG    템플릿 스킵 (자동 반전 사용): monster_right_top.png
[20:32:34] DEBUG    템플릿 로딩: monster_top.png ((128, 80, 3))
[20:32:34] INFO     몬스터 템플릿 8개 로딩 완료 (자동 반전 포함)
[20:32:35] DEBUG    늑대 감지: 1마리
[20:32:35] DEBUG      → (726,303) 167x99 score=0.801 [monster_left_top.png]
[20:32:35] INFO     게임 창 발견: HWND=263854
[20:32:35] DEBUG    게임 클라이언트 영역: x=4, y=31, w=1280, h=720
[20:32:35] DEBUG    캐릭터 HP: 0.7%
[20:32:35] DEBUG    [sendinput] 키 입력: scan=0x02
[20:32:35] INFO     물약 사용! (HP: 0.7%, 임계값: 50%)
[20:32:35] DEBUG    늑대 감지: 1마리
[20:32:35] DEBUG      → (726,304) 167x99 score=0.582 [monster_left_top.png]
[20:32:35] INFO     가장 가까운 몬스터: (726,304) score=0.582 [monster_left_top.png]
[20:32:35] INFO     몬스터 감지: (813,384) bbox=(726, 304, 167, 99)
[20:32:35] DEBUG    늑대 감지: 2마리
[20:32:35] DEBUG      → (981,446) 207x88 score=0.672 [monster_left.png]
[20:32:35] DEBUG      → (726,304) 167x99 score=0.582 [monster_left_top.png]
[20:32:35] DEBUG    [sendinput] 클릭: (813, 383) → abs(41366, 29335)
[20:32:35] INFO     공격: (813, 384)
[20:32:36] DEBUG    감지 실패 (1/3)
[20:32:36] DEBUG    감지 대기 중 (1/3)
[20:32:37] DEBUG    감지 실패 (2/3)
[20:32:37] DEBUG    감지 대기 중 (2/3)
[20:32:37] DEBUG    ROI 재탐색 성공: (1022,372) score=0.654
[20:32:37] DEBUG    ROI 재탐색 성공: (1022,369) score=0.717
[20:32:37] DEBUG    클릭 전 위치 보정: (1064, 460)
[20:32:37] DEBUG    [sendinput] 클릭: (1065, 462) → abs(46873, 32033)
[20:32:37] INFO     공격: (1064, 460) (보정됨, 원본: (1064, 463))
[20:32:37] DEBUG    늑대 감지: 1마리
[20:32:37] DEBUG      → (1024,379) 72x115 score=0.639 [monster_top.png]
[20:32:37] DEBUG    ROI 재탐색 성공: (1021,350) score=0.903
[20:32:37] DEBUG    ROI 재탐색 성공: (1022,363) score=0.713
[20:32:37] DEBUG    클릭 전 위치 보정: (1064, 454)
[20:32:37] DEBUG    [sendinput] 클릭: (1063, 456) → abs(46829, 31828)
[20:32:37] INFO     공격: (1064, 454) (보정됨, 원본: (1065, 445))
[20:32:37] DEBUG    ROI 재탐색 성공: (1022,351) score=0.739
[20:32:37] DEBUG    ROI 재탐색 성공: (1023,347) score=0.700
[20:32:37] DEBUG    클릭 전 위치 보정: (1065, 438)
[20:32:38] DEBUG    [sendinput] 클릭: (1065, 437) → abs(46873, 31179)
[20:32:38] INFO     공격: (1065, 438) (보정됨, 원본: (1064, 442))
[20:32:38] DEBUG    늑대 감지: 2마리
[20:32:38] DEBUG      → (1024,355) 72x115 score=0.763 [monster_top.png]
[20:32:38] DEBUG      → (965,464) 121x97 score=0.728 [monster_bottom.png]
[20:32:38] DEBUG    ROI 재탐색 성공: (960,474) score=0.740
[20:32:38] DEBUG    ROI 재탐색 성공: (954,475) score=0.794
[20:32:38] DEBUG    클릭 전 위치 보정: (1028, 562)
[20:32:38] DEBUG    [sendinput] 클릭: (1028, 562) → abs(46064, 35448)
[20:32:38] INFO     공격: (1028, 562) (보정됨, 원본: (1028, 556))
[20:32:38] DEBUG    ROI 재탐색 성공: (958,488) score=0.902
[20:32:38] DEBUG    ROI 재탐색 성공: (990,486) score=0.657
[20:32:38] DEBUG    클릭 전 위치 보정: (1032, 577)
[20:32:38] DEBUG    [sendinput] 클릭: (1034, 577) → abs(46195, 35960)
[20:32:38] INFO     공격: (1032, 577) (보정됨, 원본: (1029, 573))
[20:32:38] DEBUG    늑대 감지: 2마리
[20:32:38] DEBUG      → (958,488) 135x108 score=0.902 [monster_bottom.png]
[20:32:38] DEBUG      → (1020,328) 80x128 score=0.722 [monster_top.png]
[20:32:38] DEBUG    캐릭터 HP: 0.7%
[20:32:38] DEBUG    [sendinput] 키 입력: scan=0x02
[20:32:38] INFO     물약 사용! (HP: 0.7%, 임계값: 50%)
[20:32:38] DEBUG    ROI 재탐색 성공: (956,509) score=0.687
[20:32:38] DEBUG    dxcam 캡처 실패 → mss 폴백: (-2005270527, '응용 프로그램이 잘못된 호출을 했습니다. 호출의 매개 변수 또는 일부 개체의 상태가 올바르지 않습니다.\r\n디버그 메시지를 통해 세부 정보를 보려면 D3D 디버그 계층을 사용하도록 설정하세요.', (None, None, None, 0, None))
[20:32:39] DEBUG    ROI 재탐색 성공: (956,509) score=0.687
[20:32:39] DEBUG    클릭 전 위치 보정: (1030, 596)
[20:32:39] DEBUG    [sendinput] 클릭: (1031, 596) → abs(46130, 36609)
[20:32:39] INFO     공격: (1030, 596) (보정됨, 원본: (1030, 596))
[20:32:39] DEBUG    ROI 재탐색 성공: (956,513) score=0.715
[20:32:39] DEBUG    ROI 재탐색 성공: (956,513) score=0.715
[20:32:39] DEBUG    클릭 전 위치 보정: (1030, 600)
[20:32:39] DEBUG    늑대 감지: 3마리
[20:32:39] DEBUG      → (1021,286) 80x128 score=0.946 [monster_top.png]
[20:32:39] DEBUG      → (967,516) 121x97 score=0.650 [monster_bottom.png]
[20:32:39] DEBUG      → (127,112) 72x115 score=0.638 [monster_top.png]
[20:32:39] DEBUG    [sendinput] 클릭: (1029, 600) → abs(46086, 36746)
[20:32:39] INFO     공격: (1030, 600) (보정됨, 원본: (1030, 600))
[20:32:39] DEBUG    ROI 재탐색 성공: (954,519) score=0.711
[20:32:39] DEBUG    ROI 재탐색 성공: (954,519) score=0.711
[20:32:39] DEBUG    클릭 전 위치 보정: (1028, 606)
[20:32:40] DEBUG    [sendinput] 클릭: (1029, 605) → abs(46086, 36916)
[20:32:40] INFO     공격: (1028, 606) (보정됨, 원본: (1028, 606))
[20:32:40] DEBUG    늑대 감지: 3마리
[20:32:40] DEBUG      → (959,516) 135x108 score=0.697 [monster_bottom.png]
[20:32:40] DEBUG      → (1019,258) 88x140 score=0.686 [monster_top.png]
[20:32:40] DEBUG      → (127,111) 72x115 score=0.670 [monster_top.png]
[20:32:40] DEBUG    ROI 재탐색 성공: (956,509) score=0.687
[20:32:40] DEBUG    ROI 재탐색 성공: (964,513) score=0.670
[20:32:40] DEBUG    클릭 전 위치 보정: (1032, 595)
[20:32:40] DEBUG    [sendinput] 클릭: (1030, 595) → abs(46108, 36575)
[20:32:40] INFO     공격: (1032, 595) (보정됨, 원본: (1030, 596))
[20:32:40] DEBUG    늑대 감지: 2마리
[20:32:40] DEBUG      → (1018,235) 88x140 score=0.726 [monster_top.png]
[20:32:40] DEBUG      → (959,512) 135x108 score=0.678 [monster_bottom.png]
[20:32:40] DEBUG    ROI 재탐색 성공: (956,513) score=0.715
[20:32:40] DEBUG    ROI 재탐색 성공: (956,513) score=0.715
[20:32:40] DEBUG    클릭 전 위치 보정: (1030, 600)
[20:32:40] DEBUG    [sendinput] 클릭: (1032, 598) → abs(46152, 36677)
[20:32:40] INFO     공격: (1030, 600) (보정됨, 원본: (1030, 600))
[20:32:41] DEBUG    ROI 재탐색 성공: (954,519) score=0.711
[20:32:41] DEBUG    ROI 재탐색 성공: (954,519) score=0.711
[20:32:41] DEBUG    클릭 전 위치 보정: (1028, 606)
[20:32:41] DEBUG    늑대 감지: 2마리
[20:32:41] DEBUG      → (1025,221) 72x115 score=0.737 [monster_top.png]
[20:32:41] DEBUG      → (959,516) 135x108 score=0.697 [monster_bottom.png]
[20:32:41] DEBUG    [sendinput] 클릭: (1027, 608) → abs(46042, 37019)
[20:32:41] INFO     공격: (1028, 606) (보정됨, 원본: (1028, 606))
[20:32:41] DEBUG    늑대 감지: 1마리
[20:32:41] DEBUG      → (1025,195) 72x115 score=0.766 [monster_top.png]
[20:32:41] INFO     가장 가까운 몬스터: (1025,195) score=0.766 [monster_top.png]
[20:32:41] DEBUG    ROI 재탐색 성공: (1021,158) score=0.951
[20:32:41] DEBUG    클릭 전 위치 보정: (1065, 253)
[20:32:41] DEBUG    늑대 감지: 1마리
[20:32:41] DEBUG      → (1023,192) 72x115 score=0.741 [monster_top.png]
[20:32:41] DEBUG    [sendinput] 클릭: (1063, 255) → abs(46829, 24964)
[20:32:41] INFO     공격: (1065, 253) (보정됨, 원본: (1065, 283))
[20:32:42] DEBUG    HP 변화 없음 (1/3) ratio=0.00
[20:32:42] DEBUG    ROI 재탐색 성공: (1022,172) score=0.753
[20:32:42] DEBUG    ROI 재탐색 성공: (1019,167) score=0.646
[20:32:42] DEBUG    클릭 전 위치 보정: (1065, 265)
[20:32:42] DEBUG    [sendinput] 클릭: (1066, 266) → abs(46895, 25339)
[20:32:42] INFO     공격: (1065, 265) (보정됨, 원본: (1064, 263))
[20:32:42] DEBUG    캐릭터 HP: 0.7%
[20:32:42] DEBUG    [sendinput] 키 입력: scan=0x02
[20:32:42] INFO     물약 사용! (HP: 0.7%, 임계값: 50%)
[20:32:42] DEBUG    늑대 감지: 1마리
[20:32:42] DEBUG      → (1021,168) 80x128 score=0.735 [monster_top.png]
[20:32:42] DEBUG    ROI 재탐색 성공: (1019,167) score=0.646
[20:32:42] DEBUG    게임 창 포그라운드 전환: HWND=263854
[20:32:42] DEBUG    ROI 재탐색 성공: (1022,167) score=0.709
[20:32:42] DEBUG    클릭 전 위치 보정: (1064, 258)
[20:32:42] DEBUG    [sendinput] 클릭: (1062, 257) → abs(46807, 25032)
[20:32:42] INFO     공격: (1064, 258) (보정됨, 원본: (1065, 265))
[20:32:42] DEBUG    ROI 재탐색 성공: (1022,170) score=0.756
[20:32:42] DEBUG    ROI 재탐색 성공: (1022,170) score=0.756
[20:32:42] DEBUG    클릭 전 위치 보정: (1064, 261)
[20:32:42] DEBUG    [sendinput] 클릭: (1066, 260) → abs(46895, 25134)
[20:32:42] INFO     공격: (1064, 261) (보정됨, 원본: (1064, 261))
[20:32:43] DEBUG    늑대 감지: 1마리
[20:32:43] DEBUG      → (1023,177) 72x115 score=0.733 [monster_top.png]
[20:32:43] DEBUG    감지 실패 (1/3)
[20:32:43] DEBUG    감지 대기 중 (1/3)
[20:32:43] DEBUG    늑대 감지: 1마리
[20:32:43] DEBUG      → (1021,502) 186x79 score=0.566 [monster_left.png]
[20:32:44] DEBUG    감지 실패 (2/3)
[20:32:44] DEBUG    감지 대기 중 (2/3)
[20:32:44] DEBUG    늑대 감지: 1마리
[20:32:44] DEBUG      → (948,486) 227x96 score=0.565 [monster_left.png]
[20:32:44] DEBUG    늑대 감지: 1마리
[20:32:44] DEBUG      → (703,490) 72x115 score=0.608 [monster_top.png]
[20:32:44] INFO     가장 가까운 몬스터: (703,490) score=0.608 [monster_top.png]
[20:32:44] DEBUG    게임 창 포그라운드 전환: HWND=263854
[20:32:44] DEBUG    늑대 감지: 1마리
[20:32:44] DEBUG      → (701,478) 80x128 score=0.758 [monster_top.png]
[20:32:44] DEBUG    [sendinput] 클릭: (741, 580) → abs(39793, 36063)
[20:32:44] INFO     공격: (743, 578)
[20:32:45] DEBUG    감지 실패 (1/3)
[20:32:45] DEBUG    감지 대기 중 (1/3)
[20:32:45] DEBUG    HP 변화 없음 (2/3) ratio=0.00
[20:32:46] DEBUG    늑대 감지: 1마리
[20:32:46] DEBUG      → (160,115) 72x115 score=0.559 [monster_top.png]
[20:32:46] DEBUG    늑대 감지: 1마리
[20:32:46] DEBUG      → (160,115) 72x115 score=0.558 [monster_top.png]
[20:32:46] INFO     가장 가까운 몬스터: (160,115) score=0.558 [monster_top.png]
[20:32:46] DEBUG    ROI 재탐색 성공: (127,137) score=0.563
[20:32:46] DEBUG    클릭 전 위치 보정: (195, 219)
[20:32:46] DEBUG    [sendinput] 클릭: (196, 221) → abs(27883, 23802)
[20:32:46] INFO     공격: (195, 219) (보정됨, 원본: (200, 203))
[20:32:46] DEBUG    캐릭터 HP: 0.7%
[20:32:46] DEBUG    [sendinput] 키 입력: scan=0x02
[20:32:46] INFO     물약 사용! (HP: 0.7%, 임계값: 50%)
[20:32:46] DEBUG    ROI 재탐색 성공: (127,137) score=0.563
[20:32:46] DEBUG    ROI 재탐색 성공: (130,130) score=0.565
[20:32:46] DEBUG    클릭 전 위치 보정: (198, 212)
[20:32:46] DEBUG    [sendinput] 클릭: (198, 210) → abs(27927, 23427)
[20:32:46] INFO     공격: (198, 212) (보정됨, 원본: (195, 219))
[20:32:46] DEBUG    늑대 감지: 1마리
[20:32:46] DEBUG      → (130,139) 121x97 score=0.552 [monster_bottom.png]
[20:32:46] DEBUG    ROI 재탐색 성공: (131,128) score=0.556
[20:32:46] DEBUG    ROI 재탐색 성공: (131,128) score=0.556
[20:32:46] DEBUG    클릭 전 위치 보정: (199, 210)
[20:32:46] DEBUG    [sendinput] 클릭: (198, 211) → abs(27927, 23461)
[20:32:46] INFO     공격: (199, 210) (보정됨, 원본: (199, 210))
[20:32:47] DEBUG    ROI 재탐색 성공: (131,128) score=0.556
[20:32:47] DEBUG    ROI 재탐색 성공: (130,133) score=0.571
[20:32:47] DEBUG    클릭 전 위치 보정: (198, 215)
[20:32:47] DEBUG    [sendinput] 클릭: (198, 216) → abs(27927, 23632)
[20:32:47] INFO     공격: (198, 215) (보정됨, 원본: (199, 210))
[20:32:47] DEBUG    늑대 감지: 2마리
[20:32:47] DEBUG      → (1028,310) 121x97 score=0.628 [monster_bottom.png]
[20:32:47] DEBUG      → (160,115) 72x115 score=0.559 [monster_top.png]
[20:32:47] DEBUG    늑대 감지: 1마리
[20:32:47] DEBUG      → (1022,328) 135x108 score=0.883 [monster_bottom.png]
[20:32:47] INFO     가장 가까운 몬스터: (1022,328) score=0.883 [monster_bottom.png]
[20:32:47] DEBUG    ROI 재탐색 성공: (992,330) score=0.728
[20:32:47] DEBUG    클릭 전 위치 보정: (1060, 412)
[20:32:47] DEBUG    [sendinput] 클릭: (1062, 410) → abs(46807, 30257)
[20:32:47] INFO     공격: (1060, 412) (보정됨, 원본: (1093, 413))
[20:32:47] DEBUG    늑대 감지: 1마리
[20:32:47] DEBUG      → (1044,320) 72x115 score=0.667 [monster_top.png]
[20:32:48] DEBUG    ROI 재탐색 성공: (990,344) score=0.889
[20:32:48] DEBUG    ROI 재탐색 성공: (994,349) score=0.745
[20:32:48] DEBUG    클릭 전 위치 보정: (1062, 431)
[20:32:48] DEBUG    [sendinput] 클릭: (1062, 431) → abs(46807, 30974)
[20:32:48] INFO     공격: (1062, 431) (보정됨, 원본: (1061, 429))
[20:32:48] DEBUG    ROI 재탐색 성공: (994,372) score=0.672
[20:32:48] DEBUG    ROI 재탐색 성공: (992,362) score=0.737
[20:32:48] DEBUG    클릭 전 위치 보정: (1060, 444)
[20:32:48] DEBUG    늑대 감지: 1마리
[20:32:48] DEBUG      → (1023,342) 72x115 score=0.662 [monster_top.png]
[20:32:48] DEBUG    [sendinput] 클릭: (1060, 446) → abs(46763, 31486)
[20:32:48] INFO     공격: (1060, 444) (보정됨, 원본: (1062, 454))
[20:32:48] DEBUG    HP 변화 없음 (3/3) ratio=0.00
[20:32:48] WARNING  HP 변화 없음 지속 → 타겟 전환
[20:32:48] INFO     대상 포기: (1056, 413) → 스킵 목록 등록
[20:32:48] INFO     대상 없음 (사유: hp_stuck), 재탐색 대기...
[20:32:49] DEBUG    늑대 감지: 1마리
[20:32:49] DEBUG      → (990,376) 135x108 score=0.897 [monster_bottom.png]
[20:32:49] DEBUG    늑대 감지: 1마리
[20:32:49] DEBUG      → (991,400) 135x108 score=0.672 [monster_bottom.png]
[20:32:49] DEBUG    모든 감지된 몬스터가 스킵 목록에 있음
[20:32:49] INFO     연속 2회 미발견 → 랜덤 이동
[20:32:49] DEBUG    [sendinput] 클릭: (642, 633) → abs(37629, 37873)
[20:32:49] INFO     랜덤 이동: ↓ (644, 633)
[20:32:49] DEBUG    늑대 감지: 1마리
[20:32:49] DEBUG      → (983,399) 148x118 score=0.771 [monster_bottom.png]
[20:32:50] DEBUG    늑대 감지: 1마리
[20:32:50] DEBUG      → (989,423) 135x108 score=0.741 [monster_bottom.png]
[20:32:50] DEBUG    캐릭터 HP: 0.7%
[20:32:50] DEBUG    [sendinput] 키 입력: scan=0x02
[20:32:50] INFO     물약 사용! (HP: 0.7%, 임계값: 50%)
[20:32:50] DEBUG    늑대 감지: 2마리
[20:32:50] DEBUG      → (1004,279) 177x107 score=0.622 [monster_left_bottom.png]
[20:32:50] DEBUG      → (997,449) 121x97 score=0.582 [monster_bottom.png]
[20:32:51] INFO     대상 없음 (사유: not_found), 재탐색 대기...
[20:32:51] INFO     연속 2회 미발견 → 랜덤 이동
[20:32:51] DEBUG    게임 창 포그라운드 전환: HWND=263854
[20:32:52] DEBUG    감지 상태 초기화
[20:32:52] INFO     매크로 중지 요청
[20:32:52] DEBUG    [sendinput] 클릭: (814, 220) → abs(41388, 23768)
[20:32:52] INFO     랜덤 이동: ↗ (815, 219)
[20:32:53] INFO     사냥 루프 종료
[20:39:02] INFO     dxcam 초기화 성공 (device: Device[0]:<Device Name:NVIDIA GeForce RTX 5060 Ti Dedicated VRAM:7891Mb VendorId:4318>
, 화면: 1920x1080)
[20:39:02] INFO     게임 창 발견: HWND=263854
[20:39:02] DEBUG    게임 클라이언트 영역: x=4, y=31, w=1280, h=720
[20:39:12] INFO     게임 창 발견: HWND=263854
[20:39:12] DEBUG    게임 클라이언트 영역: x=4, y=31, w=1280, h=720
[20:39:12] INFO     사냥 루프 시작
[20:39:12] DEBUG    게임 창 포그라운드 전환: HWND=263854
[20:39:12] DEBUG    템플릿 로딩: monster_bottom.png ((108, 135, 3))
[20:39:12] DEBUG    템플릿 로딩: monster_left.png ((88, 207, 3))
[20:39:12] DEBUG    템플릿 자동 반전: monster_left.png → monster_right.png
[20:39:12] DEBUG    템플릿 로딩: monster_left_bottom.png ((98, 161, 3))
[20:39:12] DEBUG    템플릿 자동 반전: monster_left_bottom.png → monster_right_bottom.png
[20:39:12] DEBUG    템플릿 로딩: monster_left_top.png ((99, 167, 3))
[20:39:12] DEBUG    템플릿 자동 반전: monster_left_top.png → monster_right_top.png
[20:39:12] DEBUG    템플릿 스킵 (자동 반전 사용): monster_right.png
[20:39:12] DEBUG    템플릿 스킵 (자동 반전 사용): monster_right_bottom.png
[20:39:12] DEBUG    템플릿 스킵 (자동 반전 사용): monster_right_top.png
[20:39:12] DEBUG    템플릿 로딩: monster_top.png ((128, 80, 3))
[20:39:12] INFO     몬스터 템플릿 8개 로딩 완료 (자동 반전 포함)
[20:39:12] DEBUG    늑대 감지: 1마리
[20:39:12] DEBUG      → (832,139) 72x115 score=0.646 [monster_top.png]
[20:39:12] INFO     게임 창 발견: HWND=263854
[20:39:12] DEBUG    게임 클라이언트 영역: x=4, y=31, w=1280, h=720
[20:39:12] DEBUG    캐릭터 HP: 0.7%
[20:39:12] DEBUG    [sendinput] 키 입력: scan=0x02
[20:39:12] INFO     물약 사용! (HP: 0.7%, 임계값: 50%)
[20:39:13] DEBUG    늑대 감지: 1마리
[20:39:13] DEBUG      → (832,126) 72x115 score=0.641 [monster_top.png]
[20:39:13] INFO     가장 가까운 몬스터: (832,126) score=0.641 [monster_top.png]
[20:39:13] INFO     몬스터 감지: (872,214) bbox=(832, 126, 72, 115)
[20:39:13] DEBUG    ROI 재탐색 성공: (831,96) score=0.657
[20:39:13] DEBUG    클릭 전 위치 보정: (873, 187)
[20:39:13] DEBUG    [sendinput] 클릭: (872, 188) → abs(42655, 22675)
[20:39:13] INFO     공격: (873, 187) (보정됨, 원본: (872, 214))
[20:39:13] DEBUG    늑대 감지: 1마리
[20:39:13] DEBUG      → (833,116) 72x115 score=0.611 [monster_top.png]
[20:39:14] DEBUG    늑대 감지: 2마리
[20:39:14] DEBUG      → (96,146) 72x115 score=0.703 [monster_top.png]
[20:39:14] DEBUG      → (701,439) 135x108 score=0.697 [monster_bottom.png]
[20:39:14] DEBUG    늑대 감지: 2마리
[20:39:14] DEBUG      → (96,146) 72x115 score=0.703 [monster_top.png]
[20:39:14] DEBUG      → (701,439) 135x108 score=0.697 [monster_bottom.png]
[20:39:14] INFO     가장 가까운 몬스터: (701,439) score=0.697 [monster_bottom.png]
[20:39:14] DEBUG    ROI 재탐색 성공: (705,467) score=0.626
[20:39:14] DEBUG    클릭 전 위치 보정: (773, 549)
[20:39:14] DEBUG    [sendinput] 클릭: (771, 551) → abs(40448, 35072)
[20:39:14] INFO     공격: (773, 549) (보정됨, 원본: (772, 524))
[20:39:14] DEBUG    ROI 재탐색 성공: (704,482) score=0.654
[20:39:14] DEBUG    ROI 재탐색 성공: (704,485) score=0.633
[20:39:14] DEBUG    클릭 전 위치 보정: (772, 567)
[20:39:14] DEBUG    [sendinput] 클릭: (771, 569) → abs(40448, 35687)
[20:39:14] INFO     공격: (772, 567) (보정됨, 원본: (772, 564))
[20:39:14] DEBUG    늑대 감지: 2마리
[20:39:14] DEBUG      → (1156,239) 121x97 score=0.759 [monster_bottom.png]
[20:39:14] DEBUG      → (709,482) 121x97 score=0.585 [monster_bottom.png]
[20:39:15] DEBUG    늑대 감지: 2마리
[20:39:15] DEBUG      → (1156,265) 121x97 score=0.698 [monster_bottom.png]
[20:39:15] DEBUG      → (734,479) 72x115 score=0.554 [monster_top.png]
[20:39:15] DEBUG    늑대 감지: 2마리
[20:39:15] DEBUG      → (1155,261) 121x97 score=0.726 [monster_bottom.png]
[20:39:15] DEBUG      → (734,479) 72x115 score=0.553 [monster_top.png]
[20:39:15] INFO     가장 가까운 몬스터: (734,479) score=0.553 [monster_top.png]
[20:39:15] DEBUG    [sendinput] 클릭: (773, 567) → abs(40492, 35619)
[20:39:15] INFO     공격: (774, 567)
[20:39:16] DEBUG    늑대 감지: 1마리
[20:39:16] DEBUG      → (1145,284) 135x108 score=0.755 [monster_bottom.png]
[20:39:16] DEBUG    늑대 감지: 1마리
[20:39:16] DEBUG      → (1139,289) 135x108 score=0.741 [monster_bottom.png]
[20:39:16] INFO     가장 가까운 몬스터: (1139,289) score=0.741 [monster_bottom.png]
[20:39:16] DEBUG    ROI 재탐색 성공: (1100,297) score=0.666
[20:39:16] DEBUG    보정 거리 초과 (42px > 40px) → 원본 좌표 유지
[20:39:16] DEBUG    [sendinput] 클릭: (1211, 372) → abs(50063, 28959)
[20:39:16] INFO     공격: (1210, 374)
[20:39:16] DEBUG    감지 실패 (1/3)
[20:39:16] DEBUG    감지 대기 중 (1/3)
[20:39:16] DEBUG    캐릭터 HP: 0.7%
[20:39:17] DEBUG    [sendinput] 키 입력: scan=0x02
[20:39:17] INFO     물약 사용! (HP: 0.7%, 임계값: 50%)
[20:39:17] DEBUG    ROI 재탐색 성공: (939,291) score=0.711
[20:39:17] DEBUG    ROI 재탐색 성공: (931,296) score=0.773
[20:39:17] DEBUG    클릭 전 위치 보정: (1002, 381)
[20:39:17] DEBUG    [sendinput] 클릭: (1004, 382) → abs(45540, 29301)
[20:39:17] INFO     공격: (1002, 381) (보정됨, 원본: (1013, 378))
[20:39:17] DEBUG    ROI 재탐색 성공: (929,291) score=0.576
[20:39:17] DEBUG    ROI 재탐색 성공: (926,308) score=0.592
[20:39:17] DEBUG    클릭 전 위치 보정: (968, 399)
[20:39:17] DEBUG    [sendinput] 클릭: (970, 399) → abs(44797, 29881)
[20:39:17] INFO     공격: (968, 399) (보정됨, 원본: (971, 382))
[20:39:17] DEBUG    늑대 감지: 1마리
[20:39:17] DEBUG      → (928,294) 72x115 score=0.610 [monster_top.png]
[20:39:17] DEBUG    ROI 재탐색 성공: (892,320) score=0.671
[20:39:17] DEBUG    ROI 재탐색 성공: (893,324) score=0.609
[20:39:17] DEBUG    클릭 전 위치 보정: (967, 411)
[20:39:17] DEBUG    [sendinput] 클릭: (968, 413) → abs(44753, 30359)
[20:39:17] INFO     공격: (967, 411) (보정됨, 원본: (966, 407))
[20:39:18] DEBUG    감지 실패 (1/3)
[20:39:18] DEBUG    감지 대기 중 (1/3)
[20:39:18] DEBUG    늑대 감지: 3마리
[20:39:18] DEBUG      → (276,233) 161x98 score=0.836 [monster_left_bottom.png]
[20:39:18] DEBUG      → (415,496) 72x115 score=0.640 [monster_top.png]
[20:39:18] DEBUG      → (246,479) 167x99 score=0.635 [monster_left_top.png]
[20:39:19] DEBUG    늑대 감지: 1마리
[20:39:19] DEBUG      → (415,483) 72x115 score=0.644 [monster_top.png]
[20:39:19] INFO     가장 가까운 몬스터: (415,483) score=0.644 [monster_top.png]
[20:39:19] DEBUG    ROI 재탐색 성공: (414,456) score=0.614
[20:39:19] DEBUG    클릭 전 위치 보정: (456, 547)
[20:39:19] DEBUG    [sendinput] 클릭: (455, 546) → abs(33543, 34901)
[20:39:19] INFO     공격: (456, 547) (보정됨, 원본: (455, 571))
[20:39:19] DEBUG    늑대 감지: 1마리
[20:39:19] DEBUG      → (415,478) 72x115 score=0.690 [monster_top.png]
[20:39:19] DEBUG    늑대 감지: 1마리
[20:39:19] DEBUG      → (246,479) 167x99 score=0.634 [monster_left_top.png]
[20:39:19] INFO     가장 가까운 몬스터: (246,479) score=0.634 [monster_left_top.png]
[20:39:20] DEBUG    늑대 감지: 1마리
[20:39:20] DEBUG      → (246,479) 167x99 score=0.635 [monster_left_top.png]
[20:39:20] DEBUG    [sendinput] 클릭: (332, 559) → abs(30855, 35345)
[20:39:20] INFO     공격: (333, 559)
[20:39:20] DEBUG    HP 변화 없음 (1/3) ratio=0.00
[20:39:20] DEBUG    ROI 재탐색 성공: (420,418) score=0.575
[20:39:20] DEBUG    ROI 재탐색 성공: (430,414) score=0.562
[20:39:20] DEBUG    클릭 전 위치 보정: (476, 512)
[20:39:20] DEBUG    [sendinput] 클릭: (477, 512) → abs(34024, 33740)
[20:39:20] INFO     공격: (476, 512) (보정됨, 원본: (466, 516))
[20:39:20] DEBUG    캐릭터 HP: 0.7%
[20:39:20] DEBUG    늑대 감지: 1마리
[20:39:20] DEBUG      → (424,412) 88x140 score=0.569 [monster_top.png]
[20:39:20] DEBUG    [sendinput] 키 입력: scan=0x02
[20:39:20] INFO     물약 사용! (HP: 0.7%, 임계값: 50%)
[20:39:21] DEBUG    감지 실패 (1/3)
[20:39:21] DEBUG    감지 대기 중 (1/3)
[20:39:21] DEBUG    ROI 재탐색 성공: (310,447) score=0.632
[20:39:21] DEBUG    [sendinput] 클릭: (396, 526) → abs(32253, 34218)
[20:39:21] INFO     공격: (397, 527)
[20:39:22] DEBUG    감지 실패 (1/3)
[20:39:22] DEBUG    감지 대기 중 (1/3)
[20:39:22] DEBUG    감지 실패 (2/3)
[20:39:22] DEBUG    감지 대기 중 (2/3)
[20:39:23] DEBUG    늑대 감지: 1마리
[20:39:23] DEBUG      → (182,383) 167x99 score=0.557 [monster_left_top.png]
[20:39:23] DEBUG    감지 실패 (3/3)
[20:39:23] INFO     대상 소실 (연속 3회 미감지) → 사망 추정
[20:39:23] INFO     대상 사망 추정 → 아이템 줍기
[20:39:23] DEBUG    [sendinput] 키 입력: scan=0x39
[20:39:24] DEBUG    [sendinput] 키 입력: scan=0x39
[20:39:24] INFO     아이템 줍기 완료 (Spacebar ×2)
[20:39:24] DEBUG    캐릭터 HP: 0.7%
[20:39:24] DEBUG    [sendinput] 키 입력: scan=0x02
[20:39:24] INFO     물약 사용! (HP: 0.7%, 임계값: 50%)
[20:39:24] DEBUG    늑대 감지: 1마리
[20:39:24] DEBUG      → (182,383) 167x99 score=0.584 [monster_left_top.png]
[20:39:24] INFO     대상 없음 (사유: not_found), 재탐색 대기...
[20:39:25] INFO     연속 2회 미발견 → 랜덤 이동
[20:39:25] DEBUG    [sendinput] 클릭: (801, 549) → abs(41104, 35004)
[20:39:25] INFO     랜덤 이동: ↘ (800, 547)
[20:39:26] INFO     대상 없음 (사유: not_found), 재탐색 대기...
[20:39:27] DEBUG    늑대 감지: 1마리
[20:39:27] DEBUG      → (294,274) 72x115 score=0.586 [monster_top.png]
[20:39:27] DEBUG    늑대 감지: 2마리
[20:39:27] DEBUG      → (247,527) 207x88 score=0.773 [monster_left.png]
[20:39:27] DEBUG      → (258,279) 72x115 score=0.595 [monster_top.png]
[20:39:27] INFO     가장 가까운 몬스터: (258,279) score=0.595 [monster_top.png]
[20:39:27] INFO     몬스터 감지: (298,367) bbox=(258, 279, 72, 115)
[20:39:27] DEBUG    ROI 재탐색 성공: (225,278) score=0.563
[20:39:27] DEBUG    클릭 전 위치 보정: (293, 360)
[20:39:27] DEBUG    [sendinput] 클릭: (294, 360) → abs(30025, 28549)
[20:39:27] INFO     공격: (293, 360) (보정됨, 원본: (298, 367))
[20:39:27] DEBUG    캐릭터 HP: 0.7%
[20:39:27] DEBUG    [sendinput] 키 입력: scan=0x02
[20:39:27] INFO     물약 사용! (HP: 0.7%, 임계값: 50%)
[20:39:28] DEBUG    늑대 감지: 1마리
[20:39:28] DEBUG      → (485,82) 121x97 score=0.597 [monster_bottom.png]
[20:39:28] DEBUG    늑대 감지: 2마리
[20:39:28] DEBUG      → (181,494) 207x88 score=0.788 [monster_left.png]
[20:39:28] DEBUG      → (485,82) 121x97 score=0.585 [monster_bottom.png]
[20:39:28] INFO     가장 가까운 몬스터: (181,494) score=0.788 [monster_left.png]
[20:39:28] DEBUG    [sendinput] 클릭: (286, 567) → abs(29850, 35619)
[20:39:28] INFO     공격: (288, 569)
[20:39:28] DEBUG    늑대 감지: 1마리
[20:39:28] DEBUG      → (223,158) 72x115 score=0.557 [monster_top.png]
[20:39:29] DEBUG    늑대 감지: 2마리
[20:39:29] DEBUG      → (490,82) 121x97 score=0.589 [monster_bottom.png]
[20:39:29] DEBUG      → (230,156) 72x115 score=0.557 [monster_top.png]
[20:39:29] INFO     가장 가까운 몬스터: (230,156) score=0.557 [monster_top.png]
[20:39:29] DEBUG    [sendinput] 클릭: (268, 243) → abs(29456, 24554)
[20:39:29] INFO     공격: (270, 244)
[20:39:29] DEBUG    ROI 재탐색 성공: (298,148) score=0.614
[20:39:29] DEBUG    ROI 재탐색 성공: (303,133) score=0.583
[20:39:29] DEBUG    클릭 전 위치 보정: (345, 224)
[20:39:29] DEBUG    [sendinput] 클릭: (346, 223) → abs(31161, 23871)
[20:39:29] INFO     공격: (345, 224) (보정됨, 원본: (340, 239))
[20:39:29] DEBUG    ROI 재탐색 성공: (290,186) score=0.582
[20:39:29] DEBUG    ROI 재탐색 성공: (325,158) score=0.576
[20:39:29] DEBUG    클릭 전 위치 보정: (371, 256)
[20:39:29] DEBUG    [sendinput] 클릭: (369, 256) → abs(31663, 24998)
[20:39:29] INFO     공격: (371, 256) (보정됨, 원본: (361, 271))
[20:39:30] DEBUG    늑대 감지: 1마리
[20:39:30] DEBUG      → (606,112) 135x108 score=0.658 [monster_bottom.png]
[20:39:30] DEBUG    늑대 감지: 1마리
[20:39:30] DEBUG      → (606,112) 135x108 score=0.658 [monster_bottom.png]
[20:39:30] INFO     가장 가까운 몬스터: (606,112) score=0.658 [monster_bottom.png]
[20:39:30] DEBUG    ROI 재탐색 성공: (638,114) score=0.652
[20:39:30] DEBUG    클릭 전 위치 보정: (680, 205)
[20:39:30] DEBUG    [sendinput] 클릭: (679, 207) → abs(38438, 23324)
[20:39:30] INFO     공격: (680, 205) (보정됨, 원본: (677, 197))
[20:39:30] DEBUG    캐릭터 HP: 0.7%
[20:39:31] DEBUG    [sendinput] 키 입력: scan=0x02
[20:39:31] INFO     물약 사용! (HP: 0.7%, 임계값: 50%)
[20:39:31] DEBUG    ROI 재탐색 성공: (639,152) score=0.627
[20:39:31] DEBUG    ROI 재탐색 성공: (639,157) score=0.626
[20:39:31] DEBUG    클릭 전 위치 보정: (681, 248)
[20:39:31] DEBUG    늑대 감지: 1마리
[20:39:31] DEBUG      → (611,136) 121x97 score=0.601 [monster_bottom.png]
[20:39:31] DEBUG    [sendinput] 클릭: (683, 248) → abs(38525, 24725)
[20:39:31] INFO     공격: (681, 248) (보정됨, 원본: (681, 243))
[20:39:31] DEBUG    늑대 감지: 1마리
[20:39:31] DEBUG      → (1021,382) 80x128 score=0.689 [monster_top.png]
[20:39:31] INFO     가장 가까운 몬스터: (1021,382) score=0.689 [monster_top.png]
[20:39:31] DEBUG    ROI 재탐색 성공: (1022,369) score=0.624
[20:39:31] DEBUG    클릭 전 위치 보정: (1064, 460)
[20:39:31] DEBUG    [sendinput] 클릭: (1064, 459) → abs(46851, 31930)
[20:39:31] INFO     공격: (1064, 460) (보정됨, 원본: (1065, 477))
[20:39:32] DEBUG    늑대 감지: 2마리
[20:39:32] DEBUG      → (633,131) 88x140 score=0.587 [monster_top.png]
[20:39:32] DEBUG      → (1023,378) 72x115 score=0.577 [monster_top.png]
[20:39:32] DEBUG    늑대 감지: 1마리
[20:39:32] DEBUG      → (604,106) 88x140 score=0.562 [monster_top.png]
[20:39:32] INFO     가장 가까운 몬스터: (604,106) score=0.562 [monster_top.png]
[20:39:32] DEBUG    [sendinput] 클릭: (654, 205) → abs(37891, 23256)
[20:39:32] INFO     공격: (652, 207)
[20:39:32] DEBUG    늑대 감지: 2마리
[20:39:32] DEBUG      → (959,352) 72x115 score=0.632 [monster_top.png]
[20:39:32] DEBUG      → (580,136) 72x115 score=0.559 [monster_top.png]
[20:39:33] DEBUG    늑대 감지: 1마리
[20:39:33] DEBUG      → (960,334) 72x115 score=0.705 [monster_top.png]
[20:39:33] INFO     가장 가까운 몬스터: (960,334) score=0.705 [monster_top.png]
[20:39:33] DEBUG    ROI 재탐색 성공: (959,347) score=0.566
[20:39:33] DEBUG    클릭 전 위치 보정: (1005, 445)
[20:39:33] DEBUG    늑대 감지: 1마리
[20:39:33] DEBUG      → (954,333) 88x140 score=0.649 [monster_top.png]
[20:39:33] DEBUG    [sendinput] 클릭: (1006, 443) → abs(45583, 31384)
[20:39:33] INFO     공격: (1005, 445) (보정됨, 원본: (1000, 422))
[20:39:34] DEBUG    감지 실패 (1/3)
[20:39:34] DEBUG    감지 대기 중 (1/3)
[20:39:34] DEBUG    HP 변화 없음 (1/3) ratio=0.00
[20:39:34] DEBUG    늑대 감지: 1마리
[20:39:34] DEBUG      → (543,473) 72x115 score=0.686 [monster_top.png]
[20:39:34] DEBUG    늑대 감지: 1마리
[20:39:34] DEBUG      → (543,474) 72x115 score=0.686 [monster_top.png]
[20:39:34] INFO     가장 가까운 몬스터: (543,474) score=0.686 [monster_top.png]
[20:39:34] DEBUG    [sendinput] 클릭: (585, 563) → abs(36384, 35482)
[20:39:34] INFO     공격: (583, 562)
[20:39:35] DEBUG    캐릭터 HP: 0.7%
[20:39:35] DEBUG    [sendinput] 키 입력: scan=0x02
[20:39:35] INFO     물약 사용! (HP: 0.7%, 임계값: 50%)
[20:39:35] DEBUG    늑대 감지: 1마리
[20:39:35] DEBUG      → (219,469) 150x89 score=0.578 [monster_left_top.png]
[20:39:35] DEBUG    감지 실패 (1/3)
[20:39:35] DEBUG    감지 대기 중 (1/3)
[20:39:35] DEBUG    늑대 감지: 1마리
[20:39:35] DEBUG      → (209,442) 183x108 score=0.563 [monster_left_top.png]
[20:39:36] DEBUG    늑대 감지: 1마리
[20:39:36] DEBUG      → (214,441) 167x99 score=0.698 [monster_left_top.png]
[20:39:36] INFO     가장 가까운 몬스터: (214,441) score=0.698 [monster_left_top.png]
[20:39:36] DEBUG    [sendinput] 클릭: (302, 523) → abs(30199, 34116)
[20:39:36] INFO     공격: (301, 521)
[20:39:36] DEBUG    감지 실패 (1/3)
[20:39:36] DEBUG    감지 대기 중 (1/3)
[20:39:37] DEBUG    감지 실패 (2/3)
[20:39:37] DEBUG    감지 대기 중 (2/3)
[20:39:37] DEBUG    HP 변화 없음 (2/3) ratio=0.00
[20:39:38] DEBUG    감지 실패 (3/3)
[20:39:38] INFO     대상 소실 (연속 3회 미감지) → 사망 추정
[20:39:38] INFO     대상 사망 추정 → 아이템 줍기
[20:39:38] DEBUG    [sendinput] 키 입력: scan=0x39
[20:39:38] DEBUG    [sendinput] 키 입력: scan=0x39
[20:39:38] INFO     아이템 줍기 완료 (Spacebar ×2)
[20:39:38] DEBUG    캐릭터 HP: 0.7%
[20:39:38] DEBUG    [sendinput] 키 입력: scan=0x02
[20:39:38] INFO     물약 사용! (HP: 0.7%, 임계값: 50%)
[20:39:39] DEBUG    늑대 감지: 1마리
[20:39:39] DEBUG      → (644,465) 161x98 score=0.798 [monster_left_bottom.png]
[20:39:39] INFO     가장 가까운 몬스터: (644,465) score=0.798 [monster_left_bottom.png]
[20:39:39] INFO     몬스터 감지: (728,545) bbox=(644, 465, 161, 98)
[20:39:39] DEBUG    늑대 감지: 1마리
[20:39:39] DEBUG      → (646,464) 161x98 score=0.586 [monster_left_bottom.png]
[20:39:39] DEBUG    [sendinput] 클릭: (728, 545) → abs(39508, 34867)
[20:39:39] INFO     공격: (728, 545)
[20:39:40] DEBUG    감지 실패 (1/3)
[20:39:40] DEBUG    감지 대기 중 (1/3)
[20:39:40] DEBUG    감지 실패 (2/3)
[20:39:40] DEBUG    감지 대기 중 (2/3)
[20:39:41] DEBUG    감지 실패 (3/3)
[20:39:41] INFO     대상 소실 (연속 3회 미감지) → 사망 추정
[20:39:41] INFO     대상 사망 추정 → 아이템 줍기
[20:39:41] DEBUG    [sendinput] 키 입력: scan=0x39
[20:39:41] DEBUG    [sendinput] 키 입력: scan=0x39
[20:39:41] INFO     아이템 줍기 완료 (Spacebar ×2)
[20:39:41] DEBUG    캐릭터 HP: 0.7%
[20:39:41] DEBUG    [sendinput] 키 입력: scan=0x02
[20:39:41] INFO     물약 사용! (HP: 0.7%, 임계값: 50%)
[20:39:42] DEBUG    늑대 감지: 1마리
[20:39:42] DEBUG      → (886,479) 167x99 score=0.765 [monster_left_top.png]
[20:39:42] INFO     가장 가까운 몬스터: (886,479) score=0.765 [monster_left_top.png]
[20:39:42] INFO     몬스터 감지: (973,559) bbox=(886, 479, 167, 99)
[20:39:42] DEBUG    늑대 감지: 2마리
[20:39:42] DEBUG      → (150,111) 167x99 score=0.818 [monster_left_top.png]
[20:39:42] DEBUG      → (886,479) 167x99 score=0.751 [monster_left_top.png]
[20:39:42] DEBUG    [sendinput] 클릭: (974, 558) → abs(44884, 35311)
[20:39:42] INFO     공격: (973, 559)
[20:39:43] DEBUG    늑대 감지: 1마리
[20:39:43] DEBUG      → (295,275) 161x98 score=0.620 [monster_left_bottom.png]
[20:39:43] INFO     게임 창 발견: HWND=263854
[20:39:43] DEBUG    게임 클라이언트 영역: x=4, y=31, w=1280, h=720
[20:39:43] DEBUG    ROI 재탐색 성공: (836,454) score=0.644
[20:39:43] DEBUG    ROI 재탐색 성공: (827,450) score=0.725
[20:39:43] DEBUG    클릭 전 위치 보정: (914, 530)
[20:39:43] DEBUG    [sendinput] 클릭: (915, 531) → abs(43595, 34389)
[20:39:43] INFO     공격: (914, 530) (보정됨, 원본: (923, 534))
[20:39:43] DEBUG    늑대 감지: 1마리
[20:39:43] DEBUG      → (822,447) 167x99 score=0.600 [monster_left_top.png]
[20:39:43] DEBUG    감지 실패 (1/3)
[20:39:43] DEBUG    감지 대기 중 (1/3)
[20:39:44] DEBUG    늑대 감지: 1마리
[20:39:44] DEBUG      → (888,106) 88x140 score=0.589 [monster_top.png]
[20:39:44] DEBUG    늑대 감지: 1마리
[20:39:44] DEBUG      → (895,113) 72x115 score=0.713 [monster_top.png]
[20:39:44] INFO     가장 가까운 몬스터: (895,113) score=0.713 [monster_top.png]
[20:39:44] DEBUG    ROI 재탐색 성공: (894,107) score=0.735
[20:39:44] DEBUG    클릭 전 위치 보정: (936, 198)
[20:39:44] DEBUG    [sendinput] 클릭: (937, 198) → abs(44076, 23017)
[20:39:44] INFO     공격: (936, 198) (보정됨, 원본: (935, 201))
[20:39:44] DEBUG    늑대 감지: 1마리
[20:39:44] DEBUG      → (896,110) 72x115 score=0.735 [monster_top.png]
[20:39:45] DEBUG    감지 실패 (1/3)
[20:39:45] DEBUG    감지 대기 중 (1/3)
[20:39:45] DEBUG    캐릭터 HP: 0.7%
[20:39:45] DEBUG    [sendinput] 키 입력: scan=0x02
[20:39:45] INFO     물약 사용! (HP: 0.7%, 임계값: 50%)
[20:39:46] DEBUG    늑대 감지: 1마리
[20:39:46] DEBUG      → (597,394) 72x115 score=0.589 [monster_top.png]
[20:39:46] INFO     가장 가까운 몬스터: (597,394) score=0.589 [monster_top.png]
[20:39:46] DEBUG    ROI 재탐색 성공: (576,425) score=0.707
[20:39:46] DEBUG    클릭 전 위치 보정: (644, 507)
[20:39:46] DEBUG    늑대 감지: 1마리
[20:39:46] DEBUG      → (591,398) 72x115 score=0.595 [monster_top.png]
[20:39:46] DEBUG    [sendinput] 클릭: (646, 505) → abs(37717, 33501)
[20:39:46] INFO     공격: (644, 507) (보정됨, 원본: (637, 482))
[20:39:46] DEBUG    ROI 재탐색 성공: (577,431) score=0.552
[20:39:46] DEBUG    ROI 재탐색 성공: (576,442) score=0.626
[20:39:46] DEBUG    클릭 전 위치 보정: (644, 524)
[20:39:46] DEBUG    [sendinput] 클릭: (646, 525) → abs(37717, 34184)
[20:39:46] INFO     공격: (644, 524) (보정됨, 원본: (645, 513))
[20:39:46] DEBUG    늑대 감지: 1마리
[20:39:46] DEBUG      → (581,432) 121x97 score=0.604 [monster_bottom.png]
[20:39:47] DEBUG    감지 실패 (1/3)
[20:39:47] DEBUG    감지 대기 중 (1/3)
[20:39:47] DEBUG    늑대 감지: 1마리
[20:39:47] DEBUG      → (126,200) 135x108 score=0.836 [monster_bottom.png]
[20:39:47] DEBUG    늑대 감지: 1마리
[20:39:47] DEBUG      → (125,198) 135x108 score=0.710 [monster_bottom.png]
[20:39:47] INFO     가장 가까운 몬스터: (125,198) score=0.710 [monster_bottom.png]
[20:39:47] DEBUG    ROI 재탐색 성공: (128,218) score=0.706
[20:39:47] DEBUG    클릭 전 위치 보정: (196, 300)
[20:39:48] DEBUG    [sendinput] 클릭: (196, 302) → abs(27883, 26569)
[20:39:48] INFO     공격: (196, 300) (보정됨, 원본: (196, 283))
[20:39:48] DEBUG    ROI 재탐색 성공: (129,236) score=0.630
[20:39:48] DEBUG    ROI 재탐색 성공: (129,239) score=0.572
[20:39:48] DEBUG    클릭 전 위치 보정: (197, 321)
[20:39:48] DEBUG    늑대 감지: 1마리
[20:39:48] DEBUG      → (125,222) 135x108 score=0.645 [monster_bottom.png]
[20:39:48] DEBUG    [sendinput] 클릭: (197, 320) → abs(27905, 27183)
[20:39:48] INFO     공격: (197, 321) (보정됨, 원본: (197, 318))
[20:39:48] DEBUG    HP 변화 없음 (1/3) ratio=0.00
[20:39:48] DEBUG    ROI 재탐색 성공: (154,267) score=0.628
[20:39:48] DEBUG    ROI 재탐색 성공: (165,274) score=0.624
[20:39:48] DEBUG    클릭 전 위치 보정: (239, 361)
[20:39:48] DEBUG    [sendinput] 클릭: (239, 360) → abs(28823, 28549)
[20:39:48] INFO     공격: (239, 361) (보정됨, 원본: (228, 354))
[20:39:49] DEBUG    늑대 감지: 1마리
[20:39:49] DEBUG      → (144,263) 135x108 score=0.588 [monster_bottom.png]
[20:39:49] DEBUG    ROI 재탐색 성공: (244,279) score=0.554
[20:39:49] DEBUG    ROI 재탐색 성공: (225,291) score=0.562
[20:39:49] DEBUG    클릭 전 위치 보정: (293, 373)
[20:39:49] DEBUG    [sendinput] 클릭: (295, 372) → abs(30046, 28959)
[20:39:49] INFO     공격: (293, 373) (보정됨, 원본: (286, 370))
[20:39:49] DEBUG    캐릭터 HP: 0.7%
[20:39:49] DEBUG    [sendinput] 키 입력: scan=0x02
[20:39:49] INFO     물약 사용! (HP: 0.7%, 임계값: 50%)
[20:39:49] DEBUG    ROI 재탐색 성공: (224,305) score=0.645
[20:39:49] DEBUG    ROI 재탐색 성공: (225,307) score=0.637
[20:39:49] DEBUG    클릭 전 위치 보정: (293, 389)
[20:39:49] DEBUG    [sendinput] 클릭: (292, 390) → abs(29981, 29574)
[20:39:49] INFO     공격: (293, 389) (보정됨, 원본: (292, 387))
[20:39:49] DEBUG    늑대 감지: 2마리
[20:39:49] DEBUG      → (768,86) 72x115 score=0.639 [monster_top.png]
[20:39:49] DEBUG      → (228,308) 121x97 score=0.594 [monster_bottom.png]
[20:39:49] DEBUG    ROI 재탐색 성공: (226,315) score=0.566
[20:39:49] DEBUG    [sendinput] 클릭: (296, 396) → abs(30068, 29779)
[20:39:49] INFO     공격: (294, 397)
[20:39:50] DEBUG    늑대 감지: 1마리
[20:39:50] DEBUG      → (741,127) 121x97 score=0.719 [monster_bottom.png]
[20:39:50] DEBUG    늑대 감지: 1마리
[20:39:50] DEBUG      → (740,134) 121x97 score=0.622 [monster_bottom.png]
[20:39:50] INFO     가장 가까운 몬스터: (740,134) score=0.622 [monster_bottom.png]
[20:39:50] DEBUG    ROI 재탐색 성공: (738,155) score=0.620
[20:39:50] DEBUG    클릭 전 위치 보정: (806, 237)
[20:39:50] DEBUG    [sendinput] 클릭: (804, 235) → abs(41169, 24281)
[20:39:50] INFO     공격: (806, 237) (보정됨, 원본: (804, 213))
[20:39:50] DEBUG    늑대 감지: 1마리
[20:39:50] DEBUG      → (734,152) 135x108 score=0.896 [monster_bottom.png]
[20:39:51] DEBUG    ROI 재탐색 성공: (736,170) score=0.650
[20:39:51] DEBUG    ROI 재탐색 성공: (736,174) score=0.640
[20:39:51] DEBUG    클릭 전 위치 보정: (804, 256)
[20:39:51] DEBUG    [sendinput] 클릭: (806, 257) → abs(41213, 25032)
[20:39:51] INFO     공격: (804, 256) (보정됨, 원본: (804, 252))
[20:39:51] DEBUG    ROI 재탐색 성공: (737,188) score=0.613
[20:39:51] DEBUG    ROI 재탐색 성공: (765,173) score=0.553
[20:39:51] DEBUG    클릭 전 위치 보정: (807, 264)
[20:39:51] DEBUG    [sendinput] 클릭: (809, 266) → abs(41278, 25339)
[20:39:51] INFO     공격: (807, 264) (보정됨, 원본: (805, 270))
[20:39:51] DEBUG    늑대 감지: 1마리
[20:39:51] DEBUG      → (733,173) 135x108 score=0.608 [monster_bottom.png]
[20:39:52] DEBUG    감지 실패 (1/3)
[20:39:52] DEBUG    감지 대기 중 (1/3)
[20:39:52] DEBUG    HP 변화 없음 (2/3) ratio=0.00
[20:39:52] DEBUG    감지 실패 (2/3)
[20:39:52] DEBUG    감지 대기 중 (2/3)
[20:39:52] DEBUG    ROI 재탐색 성공: (703,220) score=0.676
[20:39:52] DEBUG    ROI 재탐색 성공: (702,217) score=0.644
[20:39:52] DEBUG    클릭 전 위치 보정: (744, 308)
[20:39:52] DEBUG    [sendinput] 클릭: (742, 310) → abs(39814, 26842)
[20:39:52] INFO     공격: (744, 308) (보정됨, 원본: (745, 311))
[20:39:53] DEBUG    ROI 재탐색 성공: (666,201) score=0.633
[20:39:53] DEBUG    ROI 재탐색 성공: (654,194) score=0.648
[20:39:53] DEBUG    클릭 전 위치 보정: (696, 285)
[20:39:53] DEBUG    [sendinput] 클릭: (696, 286) → abs(38809, 26022)
[20:39:53] INFO     공격: (696, 285) (보정됨, 원본: (708, 292))
[20:39:53] DEBUG    캐릭터 HP: 0.7%
[20:39:53] DEBUG    [sendinput] 키 입력: scan=0x02
[20:39:53] INFO     물약 사용! (HP: 0.7%, 임계값: 50%)
[20:39:53] DEBUG    늑대 감지: 2마리
[20:39:53] DEBUG      → (698,221) 72x115 score=0.632 [monster_top.png]
[20:39:53] DEBUG      → (952,339) 72x115 score=0.600 [monster_top.png]
[20:39:53] DEBUG    늑대 감지: 1마리
[20:39:53] DEBUG      → (889,337) 72x115 score=0.725 [monster_top.png]
[20:39:53] INFO     가장 가까운 몬스터: (889,337) score=0.725 [monster_top.png]
[20:39:54] DEBUG    [sendinput] 클릭: (930, 423) → abs(43923, 30701)
[20:39:54] INFO     공격: (929, 425)
[20:39:54] DEBUG    늑대 감지: 1마리
[20:39:54] DEBUG      → (872,345) 72x115 score=0.725 [monster_top.png]
[20:39:54] DEBUG    늑대 감지: 1마리
[20:39:54] DEBUG    늑대 감지: 1마리
[20:39:54] DEBUG      → (580,208) 72x115 score=0.586 [monster_top.png]
[20:39:54] DEBUG      → (1050,361) 144x88 score=0.553 [monster_left_bottom.png]
[20:39:54] INFO     가장 가까운 몬스터: (1050,361) score=0.553 [monster_left_bottom.png]
[20:39:54] DEBUG    [sendinput] 클릭: (1127, 438) → abs(48227, 31213)
[20:39:54] INFO     공격: (1126, 436)
[20:39:55] DEBUG    늑대 감지: 1마리
[20:39:55] DEBUG      → (478,191) 72x115 score=0.705 [monster_top.png]
[20:39:55] DEBUG    늑대 감지: 2마리
[20:39:55] DEBUG      → (443,175) 72x115 score=0.676 [monster_top.png]
[20:39:55] DEBUG      → (597,408) 161x98 score=0.565 [monster_left_bottom.png]
[20:39:55] INFO     가장 가까운 몬스터: (597,408) score=0.565 [monster_left_bottom.png]
[20:39:55] DEBUG    [sendinput] 클릭: (679, 486) → abs(38438, 32852)
[20:39:55] INFO     공격: (681, 488)
[20:39:55] DEBUG    늑대 감지: 1마리
[20:39:55] DEBUG      → (366,142) 80x128 score=0.914 [monster_top.png]
[20:39:55] DEBUG    HP 변화 없음 (3/3) ratio=0.00
[20:39:55] WARNING  HP 변화 없음 지속 → 타겟 전환
[20:39:55] INFO     대상 포기: (677, 457) → 스킵 목록 등록
[20:39:55] INFO     대상 없음 (사유: hp_stuck), 재탐색 대기...
[20:39:56] DEBUG    늑대 감지: 1마리
[20:39:56] DEBUG      → (284,106) 80x128 score=0.640 [monster_top.png]
[20:39:56] DEBUG    늑대 감지: 1마리
[20:39:56] DEBUG      → (287,98) 72x115 score=0.697 [monster_top.png]
[20:39:56] INFO     가장 가까운 몬스터: (287,98) score=0.697 [monster_top.png]
[20:39:56] INFO     몬스터 감지: (327,186) bbox=(287, 98, 72, 115)
[20:39:56] DEBUG    ROI 재탐색 성공: (286,41) score=0.614
[20:39:56] DEBUG    보정 거리 초과 (54px > 40px) → 원본 좌표 유지
[20:39:56] DEBUG    [sendinput] 클릭: (325, 185) → abs(30702, 22573)
[20:39:56] INFO     공격: (327, 186)
[20:39:56] DEBUG    ROI 재탐색 성공: (297,34) score=0.679
[20:39:56] DEBUG    ROI 재탐색 성공: (303,35) score=0.695
[20:39:56] DEBUG    클릭 전 위치 보정: (345, 126)
[20:39:57] DEBUG    [sendinput] 클릭: (346, 125) → abs(31161, 20524)
[20:39:57] INFO     공격: (345, 126) (보정됨, 원본: (339, 125))
[20:39:57] DEBUG    캐릭터 HP: 0.7%
[20:39:57] DEBUG    [sendinput] 키 입력: scan=0x02
[20:39:57] INFO     물약 사용! (HP: 0.7%, 임계값: 50%)
[20:39:57] DEBUG    ROI 재탐색 성공: (318,18) score=0.605
[20:39:57] DEBUG    ROI 재탐색 성공: (318,10) score=0.579
[20:39:57] DEBUG    클릭 전 위치 보정: (360, 101)
[20:39:57] DEBUG    [sendinput] 클릭: (358, 99) → abs(31423, 19636)
[20:39:57] INFO     공격: (360, 101) (보정됨, 원본: (360, 109))
[20:39:58] DEBUG    늑대 감지: 1마리
[20:39:58] DEBUG      → (785,423) 227x96 score=0.552 [monster_left.png]
[20:39:58] DEBUG    늑대 감지: 1마리
[20:39:58] DEBUG      → (787,424) 227x96 score=0.552 [monster_left.png]
[20:39:58] INFO     가장 가까운 몬스터: (787,424) score=0.552 [monster_left.png]
[20:39:58] DEBUG    ROI 재탐색 성공: (791,439) score=0.575
[20:39:58] DEBUG    클릭 전 위치 보정: (903, 516)
[20:39:58] DEBUG    [sendinput] 클릭: (902, 516) → abs(43311, 33877)
[20:39:58] INFO     공격: (903, 516) (보정됨, 원본: (904, 503))
[20:39:58] DEBUG    늑대 감지: 2마리
[20:39:58] DEBUG      → (799,451) 207x88 score=0.745 [monster_left.png]
[20:39:58] DEBUG      → (329,340) 72x115 score=0.561 [monster_top.png]
[20:39:58] DEBUG    늑대 감지: 1마리
[20:39:58] DEBUG      → (340,343) 72x115 score=0.581 [monster_top.png]
[20:39:58] INFO     가장 가까운 몬스터: (340,343) score=0.581 [monster_top.png]
[20:39:59] DEBUG    [sendinput] 클릭: (380, 432) → abs(31904, 31008)
[20:39:59] INFO     공격: (380, 431)
[20:39:59] DEBUG    늑대 감지: 3마리
[20:39:59] DEBUG      → (321,324) 72x115 score=0.634 [monster_top.png]
[20:39:59] DEBUG      → (698,203) 88x140 score=0.577 [monster_top.png]
[20:39:59] DEBUG      → (319,191) 144x88 score=0.557 [monster_left_bottom.png]
[20:39:59] DEBUG    늑대 감지: 1마리
[20:39:59] DEBUG      → (678,193) 72x115 score=0.696 [monster_top.png]
[20:39:59] INFO     가장 가까운 몬스터: (678,193) score=0.696 [monster_top.png]
[20:39:59] DEBUG    늑대 감지: 2마리
[20:39:59] DEBUG      → (714,190) 72x115 score=0.720 [monster_top.png]
[20:39:59] DEBUG      → (330,287) 72x115 score=0.557 [monster_top.png]
[20:39:59] DEBUG    [sendinput] 클릭: (716, 282) → abs(39246, 25886)
[20:39:59] INFO     공격: (718, 281)
[20:40:00] DEBUG    늑대 감지: 1마리
[20:40:00] DEBUG      → (413,238) 80x128 score=0.592 [monster_top.png]
[20:40:00] DEBUG    감지 실패 (1/3)
[20:40:00] DEBUG    감지 대기 중 (1/3)
[20:40:01] DEBUG    늑대 감지: 2마리
[20:40:01] DEBUG      → (417,228) 72x115 score=0.623 [monster_top.png]
[20:40:01] DEBUG      → (804,454) 121x97 score=0.617 [monster_bottom.png]
[20:40:01] DEBUG    늑대 감지: 2마리
[20:40:01] DEBUG      → (417,228) 72x115 score=0.623 [monster_top.png]
[20:40:01] DEBUG      → (832,439) 72x115 score=0.598 [monster_top.png]
[20:40:01] INFO     가장 가까운 몬스터: (417,228) score=0.623 [monster_top.png]
[20:40:01] DEBUG    [sendinput] 클릭: (458, 314) → abs(33608, 26978)
[20:40:01] INFO     공격: (457, 316)
[20:40:01] DEBUG    캐릭터 HP: 0.7%
[20:40:01] DEBUG    [sendinput] 키 입력: scan=0x02
[20:40:01] INFO     물약 사용! (HP: 0.7%, 임계값: 50%)
[20:40:01] DEBUG    늑대 감지: 1마리
[20:40:01] DEBUG      → (832,470) 72x115 score=0.665 [monster_top.png]
[20:40:01] DEBUG    늑대 감지: 1마리
[20:40:01] DEBUG      → (804,486) 121x97 score=0.634 [monster_bottom.png]
[20:40:01] INFO     가장 가까운 몬스터: (804,486) score=0.634 [monster_bottom.png]
[20:40:01] DEBUG    ROI 재탐색 성공: (802,509) score=0.700
[20:40:01] DEBUG    클릭 전 위치 보정: (870, 591)
[20:40:01] DEBUG    [sendinput] 클릭: (872, 590) → abs(42655, 36404)
[20:40:01] INFO     공격: (870, 591) (보정됨, 원본: (868, 565))
[20:40:02] DEBUG    늑대 감지: 1마리
[20:40:02] DEBUG      → (805,511) 121x97 score=0.699 [monster_bottom.png]
[20:40:02] DEBUG    감지 실패 (1/3)
[20:40:02] DEBUG    감지 대기 중 (1/3)
[20:40:03] DEBUG    늑대 감지: 1마리
[20:40:03] DEBUG      → (536,75) 72x115 score=0.662 [monster_top.png]
[20:40:03] INFO     가장 가까운 몬스터: (536,75) score=0.662 [monster_top.png]
[20:40:03] DEBUG    ROI 재탐색 성공: (510,45) score=0.593
[20:40:03] DEBUG    클릭 전 위치 보정: (552, 136)
[20:40:03] DEBUG    [sendinput] 클릭: (552, 134) → abs(35662, 20831)
[20:40:03] INFO     공격: (552, 136) (보정됨, 원본: (576, 163))
[20:40:03] DEBUG    HP 변화 감지: 0.00 → 0.18
[20:40:04] DEBUG    감지 실패 (1/3)
[20:40:04] DEBUG    감지 대기 중 (1/3)
[20:40:04] DEBUG    늑대 감지: 1마리
[20:40:04] DEBUG      → (814,307) 144x88 score=0.554 [monster_left_bottom.png]
[20:40:04] DEBUG    감지 실패 (2/3)
[20:40:04] DEBUG    감지 대기 중 (2/3)
[20:40:05] DEBUG    감지 실패 (3/3)
[20:40:05] INFO     대상 소실 (연속 3회 미감지) → 사망 추정
[20:40:05] INFO     대상 사망 추정 → 아이템 줍기
[20:40:05] DEBUG    늑대 감지: 1마리
[20:40:05] DEBUG      → (544,73) 72x115 score=0.594 [monster_top.png]
[20:40:05] DEBUG    [sendinput] 키 입력: scan=0x39
[20:40:05] DEBUG    감지 상태 초기화
[20:40:05] INFO     매크로 중지 요청
[20:40:05] DEBUG    [sendinput] 키 입력: scan=0x39
[20:40:05] INFO     아이템 줍기 완료 (Spacebar ×2)
[20:40:05] INFO     사냥 루프 종료
[20:40:05] DEBUG    감지 상태 초기화
[20:40:05] INFO     매크로 중지 요청
[20:47:41] INFO     dxcam 초기화 성공 (device: Device[0]:<Device Name:NVIDIA GeForce RTX 5060 Ti Dedicated VRAM:7891Mb VendorId:4318>
, 화면: 1920x1080)
[20:47:42] INFO     게임 창 발견: HWND=263854
[20:47:42] DEBUG    게임 클라이언트 영역: x=4, y=31, w=1280, h=720
[20:47:47] INFO     게임 창 발견: HWND=263854
[20:47:47] DEBUG    게임 클라이언트 영역: x=4, y=31, w=1280, h=720
[20:47:47] INFO     사냥 루프 시작
[20:47:47] DEBUG    템플릿 로딩: monster_bottom.png ((108, 135, 3))
[20:47:47] DEBUG    템플릿 로딩: monster_left.png ((88, 207, 3))
[20:47:47] DEBUG    템플릿 자동 반전: monster_left.png → monster_right.png
[20:47:47] DEBUG    템플릿 로딩: monster_left_bottom.png ((98, 161, 3))
[20:47:47] DEBUG    템플릿 자동 반전: monster_left_bottom.png → monster_right_bottom.png
[20:47:47] DEBUG    템플릿 로딩: monster_left_top.png ((99, 167, 3))
[20:47:47] DEBUG    템플릿 자동 반전: monster_left_top.png → monster_right_top.png
[20:47:47] DEBUG    템플릿 스킵 (자동 반전 사용): monster_right.png
[20:47:47] DEBUG    템플릿 스킵 (자동 반전 사용): monster_right_bottom.png
[20:47:47] DEBUG    템플릿 스킵 (자동 반전 사용): monster_right_top.png
[20:47:47] DEBUG    템플릿 로딩: monster_top.png ((128, 80, 3))
[20:47:47] INFO     몬스터 템플릿 8개 로딩 완료 (자동 반전 포함)
[20:47:47] DEBUG    늑대 감지: 4마리
[20:47:47] DEBUG      → (822,447) 167x99 score=0.760 [monster_left_top.png]
[20:47:47] DEBUG      → (512,322) 72x115 score=0.733 [monster_top.png]
[20:47:47] DEBUG      → (1024,462) 72x115 score=0.719 [monster_top.png]
[20:47:47] DEBUG      → (1061,532) 121x97 score=0.647 [monster_bottom.png]
[20:47:47] INFO     게임 창 발견: HWND=263854
[20:47:47] DEBUG    게임 클라이언트 영역: x=4, y=31, w=1280, h=720
[20:47:47] DEBUG    캐릭터 HP: 0.7%
[20:47:47] DEBUG    [sendinput] 키 입력: scan=0x02
[20:47:47] INFO     물약 사용! (HP: 0.7%, 임계값: 50%)
[20:47:48] DEBUG    늑대 감지: 3마리
[20:47:48] DEBUG      → (508,288) 80x128 score=0.698 [monster_top.png]
[20:47:48] DEBUG      → (1019,418) 88x140 score=0.697 [monster_top.png]
[20:47:48] DEBUG      → (830,455) 150x89 score=0.570 [monster_left_top.png]
[20:47:48] INFO     가장 가까운 몬스터: (508,288) score=0.698 [monster_top.png]
[20:47:48] INFO     몬스터 감지: (552,383) bbox=(508, 288, 80, 128)
[20:47:48] DEBUG    ROI 재탐색 성공: (510,280) score=0.637
[20:47:48] DEBUG    클릭 전 위치 보정: (552, 371)
[20:47:48] DEBUG    [sendinput] 클릭: (550, 372) → abs(35619, 28959)
[20:47:48] INFO     공격: (552, 371) (보정됨, 원본: (552, 383))
[20:47:48] DEBUG    늑대 감지: 4마리
[20:47:48] DEBUG      → (1020,416) 80x128 score=0.726 [monster_top.png]
[20:47:48] DEBUG      → (511,303) 72x115 score=0.708 [monster_top.png]
[20:47:48] DEBUG      → (830,455) 150x89 score=0.570 [monster_left_top.png]
[20:47:48] DEBUG      → (1082,510) 88x140 score=0.553 [monster_top.png]
[20:47:48] DEBUG    늑대 감지: 2마리
[20:47:48] DEBUG      → (1024,412) 72x115 score=0.705 [monster_top.png]
[20:47:48] DEBUG      → (509,254) 80x128 score=0.639 [monster_top.png]
[20:47:48] DEBUG    늑대 감지: 1마리
[20:47:48] DEBUG      → (1024,412) 72x115 score=0.705 [monster_top.png]
[20:47:48] INFO     가장 가까운 몬스터: (1024,412) score=0.705 [monster_top.png]
[20:47:48] DEBUG    ROI 재탐색 성공: (1022,396) score=0.738
[20:47:48] DEBUG    클릭 전 위치 보정: (1064, 487)
[20:47:48] DEBUG    [sendinput] 클릭: (1062, 488) → abs(46807, 32921)
[20:47:48] INFO     공격: (1064, 487) (보정됨, 원본: (1064, 500))
[20:47:49] DEBUG    감지 실패 (1/3)
[20:47:49] DEBUG    감지 대기 중 (1/3)
[20:47:49] DEBUG    ROI 재탐색 성공: (959,353) score=0.721
[20:47:49] DEBUG    ROI 재탐색 성공: (958,351) score=0.683
[20:47:49] DEBUG    클릭 전 위치 보정: (1000, 442)
[20:47:49] DEBUG    [sendinput] 클릭: (999, 441) → abs(45430, 31316)
[20:47:49] INFO     공격: (1000, 442) (보정됨, 원본: (1001, 444))
[20:47:50] DEBUG    늑대 감지: 2마리
[20:47:50] DEBUG      → (961,355) 72x115 score=0.697 [monster_top.png]
[20:47:50] DEBUG      → (1184,382) 72x115 score=0.671 [monster_top.png]
[20:47:50] DEBUG    ROI 재탐색 성공: (959,340) score=0.606
[20:47:50] DEBUG    ROI 재탐색 성공: (959,341) score=0.609
[20:47:50] DEBUG    클릭 전 위치 보정: (1005, 439)
[20:47:50] DEBUG    [sendinput] 클릭: (1006, 439) → abs(45583, 31247)
[20:47:50] INFO     공격: (1005, 439) (보정됨, 원본: (1005, 438))
[20:47:50] DEBUG    ROI 재탐색 성공: (913,445) score=0.594
[20:47:50] DEBUG    ROI 재탐색 성공: (930,452) score=0.585
[20:47:50] DEBUG    클릭 전 위치 보정: (1032, 524)
[20:47:50] DEBUG    [sendinput] 클릭: (1030, 523) → abs(46108, 34116)
[20:47:50] INFO     공격: (1032, 524) (보정됨, 원본: (1025, 522))
[20:47:50] DEBUG    늑대 감지: 2마리
[20:47:50] DEBUG      → (1183,385) 72x115 score=0.671 [monster_top.png]
[20:47:50] DEBUG      → (959,335) 88x140 score=0.593 [monster_top.png]
[20:47:50] DEBUG    ROI 재탐색 성공: (1182,382) score=0.690
[20:47:50] DEBUG    ROI 재탐색 성공: (1182,382) score=0.690
[20:47:50] DEBUG    클릭 전 위치 보정: (1224, 473)
[20:47:50] DEBUG    [sendinput] 클릭: (1222, 472) → abs(50303, 32374)
[20:47:50] INFO     공격: (1224, 473) (보정됨, 원본: (1224, 473))
[20:47:51] DEBUG    늑대 감지: 1마리
[20:47:51] DEBUG      → (1183,385) 72x115 score=0.671 [monster_top.png]
[20:47:51] DEBUG    늑대 감지: 1마리
[20:47:51] DEBUG      → (954,442) 227x96 score=0.577 [monster_right.png]
[20:47:51] INFO     가장 가까운 몬스터: (954,442) score=0.577 [monster_right.png]
[20:47:51] DEBUG    [sendinput] 클릭: (1069, 519) → abs(46960, 33979)
[20:47:51] INFO     공격: (1071, 521)
[20:47:51] DEBUG    캐릭터 HP: 0.7%
[20:47:51] DEBUG    [sendinput] 키 입력: scan=0x02
[20:47:51] INFO     물약 사용! (HP: 0.7%, 임계값: 50%)
[20:47:52] DEBUG    감지 실패 (1/3)
[20:47:52] DEBUG    감지 대기 중 (1/3)
[20:47:52] DEBUG    늑대 감지: 1마리
[20:47:52] DEBUG      → (376,384) 167x99 score=0.800 [monster_left_top.png]
[20:47:53] DEBUG    감지 실패 (2/3)
[20:47:53] DEBUG    감지 대기 중 (2/3)
[20:47:53] DEBUG    감지 실패 (3/3)
[20:47:53] INFO     대상 소실 (연속 3회 미감지) → 사망 추정
[20:47:53] INFO     대상 사망 추정 → 아이템 줍기
[20:47:53] DEBUG    늑대 감지: 1마리
[20:47:53] DEBUG      → (948,409) 161x98 score=0.614 [monster_left_bottom.png]
[20:47:53] DEBUG    [sendinput] 키 입력: scan=0x39
[20:47:54] DEBUG    [sendinput] 키 입력: scan=0x39
[20:47:54] INFO     아이템 줍기 완료 (Spacebar ×2)
[20:47:54] DEBUG    늑대 감지: 1마리
[20:47:54] DEBUG      → (246,352) 167x99 score=0.579 [monster_left_top.png]
[20:47:54] INFO     가장 가까운 몬스터: (246,352) score=0.579 [monster_left_top.png]
[20:47:54] INFO     몬스터 감지: (333,432) bbox=(246, 352, 167, 99)
[20:47:54] DEBUG    ROI 재탐색 성공: (249,355) score=0.602
[20:47:54] DEBUG    클릭 전 위치 보정: (332, 433)
[20:47:54] DEBUG    [sendinput] 클릭: (330, 433) → abs(30811, 31042)
[20:47:54] INFO     공격: (332, 433) (보정됨, 원본: (333, 432))
[20:47:54] DEBUG    캐릭터 HP: 0.7%
[20:47:54] DEBUG    [sendinput] 키 입력: scan=0x02
[20:47:54] INFO     물약 사용! (HP: 0.7%, 임계값: 50%)
[20:47:54] DEBUG    늑대 감지: 1마리
[20:47:54] DEBUG      → (245,352) 167x99 score=0.579 [monster_left_top.png]
[20:47:55] DEBUG    감지 실패 (1/3)
[20:47:55] DEBUG    감지 대기 중 (1/3)
[20:47:56] DEBUG    감지 실패 (2/3)
[20:47:56] DEBUG    감지 대기 중 (2/3)
[20:47:56] DEBUG    늑대 감지: 1마리
[20:47:56] DEBUG      → (820,473) 161x98 score=0.746 [monster_left_bottom.png]
[20:47:56] INFO     가장 가까운 몬스터: (820,473) score=0.746 [monster_left_bottom.png]
[20:47:56] DEBUG    [sendinput] 클릭: (902, 551) → abs(43311, 35072)
[20:47:56] INFO     공격: (904, 553)
[20:47:56] DEBUG    ROI 재탐색 성공: (783,487) score=0.668
[20:47:57] DEBUG    [sendinput] 클릭: (866, 567) → abs(42524, 35619)
[20:47:57] INFO     공격: (867, 567)
[20:47:57] DEBUG    감지 실패 (1/3)
[20:47:57] DEBUG    감지 대기 중 (1/3)
[20:47:57] DEBUG    늑대 감지: 1마리
[20:47:57] DEBUG      → (724,489) 161x98 score=0.674 [monster_left_bottom.png]
[20:47:58] DEBUG    감지 실패 (2/3)
[20:47:58] DEBUG    감지 대기 중 (2/3)
[20:47:58] DEBUG    감지 실패 (3/3)
[20:47:58] INFO     대상 소실 (연속 3회 미감지) → 사망 추정
[20:47:58] INFO     대상 사망 추정 → 아이템 줍기
[20:47:59] DEBUG    [sendinput] 키 입력: scan=0x39
[20:47:59] DEBUG    [sendinput] 키 입력: scan=0x39
[20:47:59] INFO     아이템 줍기 완료 (Spacebar ×2)
[20:47:59] DEBUG    캐릭터 HP: 0.7%
[20:47:59] DEBUG    [sendinput] 키 입력: scan=0x02
[20:47:59] INFO     물약 사용! (HP: 0.7%, 임계값: 50%)
[20:47:59] INFO     대상 없음 (사유: not_found), 재탐색 대기...
[20:48:00] INFO     연속 2회 미발견 → 랜덤 이동
[20:48:00] DEBUG    [sendinput] 클릭: (900, 390) → abs(43267, 29574)
[20:48:00] INFO     랜덤 이동: → (899, 391)
[20:48:02] INFO     대상 없음 (사유: not_found), 재탐색 대기...
[20:48:03] DEBUG    늑대 감지: 1마리
[20:48:03] DEBUG      → (313,426) 88x140 score=0.605 [monster_top.png]
[20:48:03] INFO     가장 가까운 몬스터: (313,426) score=0.605 [monster_top.png]
[20:48:03] INFO     몬스터 감지: (361,527) bbox=(313, 426, 88, 140)
[20:48:03] DEBUG    ROI 재탐색 성공: (318,430) score=0.744
[20:48:03] DEBUG    클릭 전 위치 보정: (360, 521)
[20:48:03] DEBUG    [sendinput] 클릭: (360, 519) → abs(31467, 33979)
[20:48:03] INFO     공격: (360, 521) (보정됨, 원본: (361, 527))
[20:48:03] DEBUG    캐릭터 HP: 0.7%
[20:48:03] DEBUG    [sendinput] 키 입력: scan=0x02
[20:48:03] INFO     물약 사용! (HP: 0.7%, 임계값: 50%)
[20:48:03] DEBUG    늑대 감지: 1마리
[20:48:03] DEBUG      → (319,433) 72x115 score=0.725 [monster_top.png]
[20:48:03] DEBUG    늑대 감지: 1마리
[20:48:03] DEBUG      → (539,456) 150x89 score=0.559 [monster_left_top.png]
[20:48:03] INFO     가장 가까운 몬스터: (539,456) score=0.559 [monster_left_top.png]
[20:48:03] DEBUG    ROI 재탐색 성공: (574,443) score=0.706
[20:48:03] DEBUG    클릭 전 위치 보정: (616, 534)
[20:48:03] DEBUG    [sendinput] 클릭: (615, 535) → abs(37039, 34526)
[20:48:03] INFO     공격: (616, 534) (보정됨, 원본: (618, 531))
[20:48:04] DEBUG    늑대 감지: 1마리
[20:48:04] DEBUG      → (318,409) 88x140 score=0.619 [monster_top.png]
[20:48:04] INFO     가장 가까운 몬스터: (318,409) score=0.619 [monster_top.png]
[20:48:04] DEBUG    ROI 재탐색 성공: (322,420) score=0.553
[20:48:04] DEBUG    클릭 전 위치 보정: (364, 511)
[20:48:04] DEBUG    늑대 감지: 2마리
[20:48:04] DEBUG      → (572,412) 88x140 score=0.576 [monster_top.png]
[20:48:04] DEBUG      → (316,394) 88x140 score=0.575 [monster_top.png]
[20:48:04] DEBUG    [sendinput] 클릭: (362, 510) → abs(31510, 33672)
[20:48:04] INFO     공격: (364, 511) (보정됨, 원본: (366, 510))
[20:48:05] DEBUG    늑대 감지: 1마리
[20:48:05] DEBUG      → (159,321) 72x115 score=0.716 [monster_top.png]
[20:48:05] DEBUG    늑대 감지: 1마리
[20:48:05] DEBUG      → (159,321) 72x115 score=0.716 [monster_top.png]
[20:48:05] INFO     가장 가까운 몬스터: (159,321) score=0.716 [monster_top.png]
[20:48:05] DEBUG    ROI 재탐색 성공: (158,315) score=0.739
[20:48:05] DEBUG    클릭 전 위치 보정: (200, 406)
[20:48:05] DEBUG    [sendinput] 클릭: (198, 408) → abs(27927, 30189)
[20:48:05] INFO     공격: (200, 406) (보정됨, 원본: (199, 409))
[20:48:05] DEBUG    ROI 재탐색 성공: (107,312) score=0.555
[20:48:05] DEBUG    ROI 재탐색 성공: (116,318) score=0.735
[20:48:05] DEBUG    클릭 전 위치 보정: (223, 393)
[20:48:05] DEBUG    [sendinput] 클릭: (222, 391) → abs(28451, 29608)
[20:48:05] INFO     공격: (223, 393) (보정됨, 원본: (219, 389))
[20:48:06] DEBUG    감지 실패 (1/3)
[20:48:06] DEBUG    감지 대기 중 (1/3)
[20:48:07] DEBUG    감지 실패 (2/3)
[20:48:07] DEBUG    감지 대기 중 (2/3)
[20:48:07] DEBUG    캐릭터 HP: 0.7%
[20:48:07] DEBUG    [sendinput] 키 입력: scan=0x02
[20:48:07] INFO     물약 사용! (HP: 0.7%, 임계값: 50%)
[20:48:07] DEBUG    감지 실패 (3/3)
[20:48:07] INFO     대상 소실 (연속 3회 미감지) → 사망 추정
[20:48:07] INFO     대상 사망 추정 → 아이템 줍기
[20:48:08] DEBUG    [sendinput] 키 입력: scan=0x39
[20:48:08] DEBUG    [sendinput] 키 입력: scan=0x39
[20:48:08] INFO     아이템 줍기 완료 (Spacebar ×2)
[20:48:08] INFO     대상 없음 (사유: not_found), 재탐색 대기...
[20:48:09] INFO     연속 2회 미발견 → 랜덤 이동
[20:48:09] DEBUG    [sendinput] 클릭: (451, 582) → abs(33455, 36131)
[20:48:09] INFO     랜덤 이동: ↙ (453, 581)
[20:48:10] DEBUG    늑대 감지: 1마리
[20:48:10] DEBUG      → (18,505) 72x115 score=0.717 [monster_top.png]
[20:48:10] DEBUG    캐릭터 HP: 0.7%
[20:48:10] DEBUG    [sendinput] 키 입력: scan=0x02
[20:48:10] INFO     물약 사용! (HP: 0.7%, 임계값: 50%)
[20:48:10] DEBUG    늑대 감지: 1마리
[20:48:10] DEBUG      → (70,460) 72x115 score=0.701 [monster_top.png]
[20:48:11] DEBUG    늑대 감지: 1마리
[20:48:11] DEBUG      → (94,413) 80x128 score=0.669 [monster_top.png]
[20:48:11] INFO     가장 가까운 몬스터: (94,413) score=0.669 [monster_top.png]
[20:48:11] INFO     몬스터 감지: (138,508) bbox=(94, 413, 80, 128)
[20:48:11] DEBUG    ROI 재탐색 성공: (135,391) score=0.710
[20:48:11] DEBUG    보정 거리 초과 (47px > 40px) → 원본 좌표 유지
[20:48:11] DEBUG    [sendinput] 클릭: (140, 507) → abs(26659, 33570)
[20:48:11] INFO     공격: (138, 508)
[20:48:11] DEBUG    ROI 재탐색 성공: (149,384) score=0.622
[20:48:11] DEBUG    늑대 감지: 1마리
[20:48:11] DEBUG      → (124,401) 72x115 score=0.701 [monster_top.png]
[20:48:11] DEBUG    [sendinput] 클릭: (191, 476) → abs(27774, 32511)
[20:48:11] INFO     공격: (191, 475)
[20:48:12] DEBUG    감지 실패 (1/3)
[20:48:12] DEBUG    감지 대기 중 (1/3)
[20:48:12] DEBUG    감지 실패 (2/3)
[20:48:12] DEBUG    감지 대기 중 (2/3)
[20:48:13] DEBUG    감지 실패 (3/3)
[20:48:13] INFO     대상 소실 (연속 3회 미감지) → 사망 추정
[20:48:13] INFO     대상 사망 추정 → 아이템 줍기
[20:48:13] DEBUG    [sendinput] 키 입력: scan=0x39
[20:48:13] DEBUG    [sendinput] 키 입력: scan=0x39
[20:48:13] INFO     아이템 줍기 완료 (Spacebar ×2)
[20:48:14] INFO     대상 없음 (사유: not_found), 재탐색 대기...
[20:48:14] DEBUG    캐릭터 HP: 0.7%
[20:48:14] DEBUG    [sendinput] 키 입력: scan=0x02
[20:48:14] INFO     물약 사용! (HP: 0.7%, 임계값: 50%)
[20:48:15] DEBUG    늑대 감지: 1마리
[20:48:15] DEBUG      → (486,521) 121x97 score=0.585 [monster_bottom.png]
[20:48:15] DEBUG    늑대 감지: 1마리
[20:48:15] DEBUG      → (486,521) 121x97 score=0.585 [monster_bottom.png]
[20:48:15] INFO     가장 가까운 몬스터: (486,521) score=0.585 [monster_bottom.png]
[20:48:15] INFO     몬스터 감지: (550,600) bbox=(486, 521, 121, 97)
[20:48:15] DEBUG    ROI 재탐색 성공: (510,482) score=0.704
[20:48:15] DEBUG    클릭 전 위치 보정: (552, 573)
[20:48:15] DEBUG    [sendinput] 클릭: (550, 571) → abs(35619, 35755)
[20:48:15] INFO     공격: (552, 573) (보정됨, 원본: (550, 600))
[20:48:15] DEBUG    ROI 재탐색 성공: (499,487) score=0.575
[20:48:15] DEBUG    ROI 재탐색 성공: (533,462) score=0.576
[20:48:15] DEBUG    클릭 전 위치 보정: (575, 553)
[20:48:15] DEBUG    [sendinput] 클릭: (575, 555) → abs(36165, 35209)
[20:48:15] INFO     공격: (575, 553) (보정됨, 원본: (567, 569))
[20:48:15] DEBUG    ROI 재탐색 성공: (542,449) score=0.594
[20:48:15] DEBUG    ROI 재탐색 성공: (538,436) score=0.571
[20:48:15] DEBUG    클릭 전 위치 보정: (584, 534)
[20:48:15] DEBUG    [sendinput] 클릭: (586, 535) → abs(36405, 34526)
[20:48:15] INFO     공격: (584, 534) (보정됨, 원본: (584, 540))
[20:48:16] DEBUG    ROI 재탐색 성공: (540,429) score=0.565
[20:48:16] DEBUG    ROI 재탐색 성공: (540,436) score=0.591
[20:48:16] DEBUG    클릭 전 위치 보정: (586, 534)
[20:48:16] DEBUG    [sendinput] 클릭: (587, 532) → abs(36427, 34423)
[20:48:16] DEBUG    늑대 감지: 1마리
[20:48:16] INFO     공격: (586, 534) (보정됨, 원본: (586, 527))
[20:48:16] DEBUG      → (539,426) 88x140 score=0.596 [monster_top.png]
[20:48:16] DEBUG    ROI 재탐색 성공: (544,428) score=0.612
[20:48:16] DEBUG    ROI 재탐색 성공: (543,428) score=0.618
[20:48:16] DEBUG    클릭 전 위치 보정: (589, 526)
[20:48:16] DEBUG    [sendinput] 클릭: (590, 525) → abs(36493, 34184)
[20:48:16] INFO     공격: (589, 526) (보정됨, 원본: (590, 526))
[20:48:16] DEBUG    늑대 감지: 1마리
[20:48:16] DEBUG      → (542,425) 88x140 score=0.625 [monster_top.png]
[20:48:17] DEBUG    감지 실패 (1/3)
[20:48:17] DEBUG    감지 대기 중 (1/3)
[20:48:17] INFO     게임 창 발견: HWND=263854
[20:48:17] DEBUG    게임 클라이언트 영역: x=4, y=31, w=1280, h=720
[20:48:17] DEBUG    ROI 재탐색 성공: (469,350) score=0.747
[20:48:17] DEBUG    ROI 재탐색 성공: (460,352) score=0.551
[20:48:17] DEBUG    클릭 전 위치 보정: (572, 429)
[20:48:17] DEBUG    [sendinput] 클릭: (572, 427) → abs(36099, 30837)
[20:48:17] INFO     공격: (572, 429) (보정됨, 원본: (576, 425))
[20:48:17] DEBUG    캐릭터 HP: 0.7%
[20:48:17] DEBUG    [sendinput] 키 입력: scan=0x02
[20:48:17] INFO     물약 사용! (HP: 0.7%, 임계값: 50%)
[20:48:18] DEBUG    감지 실패 (1/3)
[20:48:18] DEBUG    감지 대기 중 (1/3)
[20:48:19] DEBUG    감지 실패 (2/3)
[20:48:19] DEBUG    감지 대기 중 (2/3)
[20:48:19] DEBUG    늑대 감지: 2마리
[20:48:19] DEBUG      → (511,176) 72x115 score=0.665 [monster_top.png]
[20:48:19] DEBUG      → (415,417) 72x115 score=0.574 [monster_top.png]
[20:48:19] DEBUG    늑대 감지: 2마리
[20:48:19] DEBUG      → (512,174) 72x115 score=0.668 [monster_top.png]
[20:48:19] DEBUG      → (416,414) 72x115 score=0.576 [monster_top.png]
[20:48:19] INFO     가장 가까운 몬스터: (416,414) score=0.576 [monster_top.png]
[20:48:19] DEBUG    ROI 재탐색 성공: (414,394) score=0.626
[20:48:19] DEBUG    클릭 전 위치 보정: (456, 485)
[20:48:19] DEBUG    [sendinput] 클릭: (457, 485) → abs(33586, 32818)
[20:48:19] INFO     공격: (456, 485) (보정됨, 원본: (456, 502))
[20:48:19] DEBUG    늑대 감지: 2마리
[20:48:19] DEBUG      → (511,175) 72x115 score=0.728 [monster_top.png]
[20:48:19] DEBUG      → (415,415) 72x115 score=0.688 [monster_top.png]
[20:48:20] DEBUG    감지 실패 (1/3)
[20:48:20] DEBUG    감지 대기 중 (1/3)
[20:48:21] DEBUG    감지 실패 (2/3)
[20:48:21] DEBUG    감지 대기 중 (2/3)
[20:48:21] DEBUG    감지 실패 (3/3)
[20:48:21] INFO     대상 소실 (연속 3회 미감지) → 사망 추정
[20:48:21] INFO     대상 사망 추정 → 아이템 줍기
[20:48:22] DEBUG    [sendinput] 키 입력: scan=0x39
[20:48:22] DEBUG    [sendinput] 키 입력: scan=0x39
[20:48:22] INFO     아이템 줍기 완료 (Spacebar ×2)
[20:48:22] DEBUG    캐릭터 HP: 0.7%
[20:48:22] DEBUG    [sendinput] 키 입력: scan=0x02
[20:48:22] INFO     물약 사용! (HP: 0.7%, 임계값: 50%)
[20:48:22] INFO     대상 없음 (사유: not_found), 재탐색 대기...
[20:48:22] DEBUG    늑대 감지: 1마리
[20:48:22] DEBUG      → (181,174) 207x88 score=0.776 [monster_left.png]
[20:48:23] INFO     연속 2회 미발견 → 랜덤 이동
[20:48:23] DEBUG    [sendinput] 클릭: (878, 389) → abs(42786, 29540)
[20:48:23] INFO     랜덤 이동: → (878, 391)
[20:48:25] INFO     대상 없음 (사유: not_found), 재탐색 대기...
[20:48:25] INFO     연속 2회 미발견 → 랜덤 이동
[20:48:25] DEBUG    [sendinput] 클릭: (461, 570) → abs(33674, 35721)
[20:48:25] INFO     랜덤 이동: ↙ (463, 571)
[20:48:27] DEBUG    캐릭터 HP: 0.7%
[20:48:27] DEBUG    [sendinput] 키 입력: scan=0x02
[20:48:27] INFO     물약 사용! (HP: 0.7%, 임계값: 50%)
[20:48:27] DEBUG    늑대 감지: 1마리
[20:48:27] DEBUG      → (14,375) 72x115 score=0.595 [monster_top.png]
[20:48:27] INFO     가장 가까운 몬스터: (14,375) score=0.595 [monster_top.png]
[20:48:27] INFO     몬스터 감지: (54,463) bbox=(14, 375, 72, 115)
[20:48:27] DEBUG    [sendinput] 클릭: (56, 461) → abs(24824, 31999)
[20:48:27] INFO     공격: (54, 463)
[20:48:28] DEBUG    감지 실패 (1/3)
[20:48:28] DEBUG    감지 대기 중 (1/3)
[20:48:28] DEBUG    늑대 감지: 1마리
[20:48:28] DEBUG      → (122,421) 72x115 score=0.570 [monster_top.png]
[20:48:28] INFO     가장 가까운 몬스터: (122,421) score=0.570 [monster_top.png]
[20:48:28] DEBUG    [sendinput] 클릭: (164, 511) → abs(27184, 33706)
[20:48:28] INFO     공격: (162, 509)
[20:48:29] DEBUG    늑대 감지: 1마리
[20:48:29] DEBUG      → (536,122) 227x96 score=0.558 [monster_right.png]
[20:48:29] DEBUG    늑대 감지: 1마리
[20:48:29] DEBUG      → (198,437) 135x108 score=0.617 [monster_bottom.png]
[20:48:29] INFO     가장 가까운 몬스터: (198,437) score=0.617 [monster_bottom.png]
[20:48:29] DEBUG    ROI 재탐색 성공: (318,416) score=0.576
[20:48:29] DEBUG    보정 거리 초과 (92px > 40px) → 원본 좌표 유지
[20:48:29] DEBUG    [sendinput] 클릭: (267, 520) → abs(29435, 34013)
[20:48:29] INFO     공격: (269, 522)
[20:48:29] DEBUG    늑대 감지: 1마리
[20:48:29] DEBUG      → (279,439) 135x108 score=0.618 [monster_bottom.png]
[20:48:30] DEBUG    감지 실패 (1/3)
[20:48:30] DEBUG    감지 대기 중 (1/3)
[20:48:30] DEBUG    늑대 감지: 1마리
[20:48:30] DEBUG      → (931,119) 207x88 score=0.826 [monster_left.png]
[20:48:30] INFO     가장 가까운 몬스터: (931,119) score=0.826 [monster_left.png]
[20:48:31] DEBUG    [sendinput] 클릭: (1036, 192) → abs(46239, 22812)
[20:48:31] INFO     공격: (1038, 194)
[20:48:31] DEBUG    캐릭터 HP: 0.7%
[20:48:31] DEBUG    [sendinput] 키 입력: scan=0x02
[20:48:31] INFO     물약 사용! (HP: 0.7%, 임계값: 50%)
[20:48:31] DEBUG    ROI 재탐색 성공: (929,86) score=0.619
[20:48:31] DEBUG    [sendinput] 클릭: (1039, 161) → abs(46304, 21753)
[20:48:31] INFO     공격: (1041, 163)
[20:48:31] DEBUG    늑대 감지: 1마리
[20:48:31] DEBUG      → (929,88) 207x88 score=0.777 [monster_left.png]
[20:48:32] DEBUG    감지 실패 (1/3)
[20:48:32] DEBUG    감지 대기 중 (1/3)
[20:48:32] DEBUG    늑대 감지: 1마리
[20:48:32] DEBUG      → (830,526) 183x108 score=0.550 [monster_left_top.png]
[20:48:32] DEBUG    늑대 감지: 1마리
[20:48:32] DEBUG      → (960,243) 161x98 score=0.844 [monster_left_bottom.png]
[20:48:32] INFO     가장 가까운 몬스터: (960,243) score=0.844 [monster_left_bottom.png]
[20:48:32] DEBUG    [sendinput] 클릭: (1046, 323) → abs(46457, 27286)
[20:48:32] INFO     공격: (1044, 323)
[20:48:32] DEBUG    ROI 재탐색 성공: (862,292) score=0.826
[20:48:32] DEBUG    ROI 재탐색 성공: (848,296) score=0.621
[20:48:32] DEBUG    클릭 전 위치 보정: (936, 378)
[20:48:33] DEBUG    [sendinput] 클릭: (936, 377) → abs(44054, 29130)
[20:48:33] INFO     공격: (936, 378) (보정됨, 원본: (946, 372))
[20:48:33] DEBUG    늑대 감지: 2마리
[20:48:33] DEBUG      → (742,381) 72x115 score=0.712 [monster_top.png]
[20:48:33] DEBUG      → (851,290) 177x107 score=0.607 [monster_left_bottom.png]
[20:48:33] DEBUG    ROI 재탐색 성공: (734,378) score=0.736
[20:48:33] DEBUG    ROI 재탐색 성공: (734,378) score=0.736
[20:48:33] DEBUG    클릭 전 위치 보정: (776, 469)
[20:48:33] DEBUG    [sendinput] 클릭: (774, 471) → abs(40514, 32340)
[20:48:33] INFO     공격: (776, 469) (보정됨, 원본: (776, 469))
[20:48:33] DEBUG    ROI 재탐색 성공: (699,379) score=0.674
[20:48:33] DEBUG    ROI 재탐색 성공: (699,379) score=0.666
[20:48:33] DEBUG    클릭 전 위치 보정: (773, 466)
[20:48:33] DEBUG    [sendinput] 클릭: (771, 464) → abs(40448, 32101)
[20:48:33] INFO     공격: (773, 466) (보정됨, 원본: (773, 466))
[20:48:33] DEBUG    늑대 감지: 1마리
[20:48:33] DEBUG      → (752,142) 227x96 score=0.551 [monster_right.png]
[20:48:34] DEBUG    ROI 재탐색 성공: (733,376) score=0.587
[20:48:34] DEBUG    [sendinput] 클릭: (775, 467) → abs(40535, 32204)
[20:48:34] INFO     공격: (775, 467)
[20:48:34] DEBUG    캐릭터 HP: 0.7%
[20:48:34] DEBUG    [sendinput] 키 입력: scan=0x02
[20:48:34] INFO     물약 사용! (HP: 0.7%, 임계값: 50%)
[20:48:34] DEBUG    HP 변화 없음 (1/3) ratio=0.00
[20:48:34] DEBUG    늑대 감지: 1마리
[20:48:34] DEBUG      → (734,379) 72x115 score=0.579 [monster_top.png]
[20:48:34] DEBUG    감지 실패 (1/3)
[20:48:34] DEBUG    감지 대기 중 (1/3)
[20:48:35] DEBUG    감지 실패 (2/3)
[20:48:35] DEBUG    감지 대기 중 (2/3)
[20:48:35] DEBUG    늑대 감지: 1마리
[20:48:35] DEBUG      → (861,150) 227x96 score=0.552 [monster_right.png]
[20:48:36] DEBUG    늑대 감지: 1마리
[20:48:36] DEBUG      → (859,150) 227x96 score=0.568 [monster_right.png]
[20:48:36] INFO     가장 가까운 몬스터: (859,150) score=0.568 [monster_right.png]
[20:48:36] DEBUG    [sendinput] 클릭: (977, 230) → abs(44950, 24110)
[20:48:36] INFO     공격: (976, 229)
[20:48:36] DEBUG    감지 실패 (1/3)
[20:48:36] DEBUG    감지 대기 중 (1/3)
[20:48:37] DEBUG    감지 실패 (2/3)
[20:48:37] DEBUG    감지 대기 중 (2/3)
[20:48:37] DEBUG    HP 변화 없음 (2/3) ratio=0.01
[20:48:38] DEBUG    감지 실패 (3/3)
[20:48:38] INFO     대상 소실 (연속 3회 미감지) → 사망 추정
[20:48:38] INFO     대상 사망 추정 → 아이템 줍기
[20:48:38] DEBUG    [sendinput] 키 입력: scan=0x39
[20:48:38] DEBUG    [sendinput] 키 입력: scan=0x39
[20:48:38] INFO     아이템 줍기 완료 (Spacebar ×2)
[20:48:38] DEBUG    캐릭터 HP: 0.7%
[20:48:38] DEBUG    [sendinput] 키 입력: scan=0x02
[20:48:38] INFO     물약 사용! (HP: 0.7%, 임계값: 50%)
[20:48:39] INFO     대상 없음 (사유: not_found), 재탐색 대기...
[20:48:39] INFO     연속 2회 미발견 → 랜덤 이동
[20:48:40] DEBUG    [sendinput] 클릭: (809, 227) → abs(41278, 24007)
[20:48:40] INFO     랜덤 이동: ↗ (808, 226)
[20:48:41] INFO     대상 없음 (사유: not_found), 재탐색 대기...
[20:48:42] INFO     연속 2회 미발견 → 랜덤 이동
[20:48:42] DEBUG    [sendinput] 클릭: (842, 586) → abs(42000, 36267)
[20:48:42] INFO     랜덤 이동: ↘ (840, 587)
[20:48:43] DEBUG    캐릭터 HP: 0.7%
[20:48:43] DEBUG    [sendinput] 키 입력: scan=0x02
[20:48:43] INFO     물약 사용! (HP: 0.7%, 임계값: 50%)
[20:48:44] INFO     대상 없음 (사유: not_found), 재탐색 대기...
[20:48:44] INFO     연속 2회 미발견 → 랜덤 이동
[20:48:44] DEBUG    [sendinput] 클릭: (834, 200) → abs(41825, 23085)
[20:48:44] INFO     랜덤 이동: ↗ (835, 199)
[20:48:46] DEBUG    늑대 감지: 1마리
[20:48:46] DEBUG      → (467,359) 72x115 score=0.717 [monster_top.png]
[20:48:46] INFO     가장 가까운 몬스터: (467,359) score=0.717 [monster_top.png]
[20:48:46] INFO     몬스터 감지: (507,447) bbox=(467, 359, 72, 115)
[20:48:46] DEBUG    ROI 재탐색 성공: (431,368) score=0.697
[20:48:46] DEBUG    클릭 전 위치 보정: (473, 459)
[20:48:46] DEBUG    [sendinput] 클릭: (471, 458) → abs(33892, 31896)
[20:48:46] INFO     공격: (473, 459) (보정됨, 원본: (507, 447))
[20:48:46] DEBUG    늑대 감지: 1마리
[20:48:46] DEBUG      → (456,364) 72x115 score=0.717 [monster_top.png]
[20:48:47] DEBUG    늑대 감지: 1마리
[20:48:47] DEBUG      → (216,506) 88x140 score=0.578 [monster_top.png]
[20:48:47] INFO     가장 가까운 몬스터: (216,506) score=0.578 [monster_top.png]
[20:48:47] DEBUG    ROI 재탐색 성공: (222,510) score=0.717
[20:48:47] DEBUG    클릭 전 위치 보정: (264, 601)
[20:48:47] DEBUG    늑대 감지: 2마리
[20:48:47] DEBUG      → (216,506) 88x140 score=0.593 [monster_top.png]
[20:48:47] DEBUG      → (372,358) 227x96 score=0.557 [monster_left.png]
[20:48:47] DEBUG    [sendinput] 클릭: (262, 602) → abs(29325, 36814)
[20:48:47] INFO     공격: (264, 601) (보정됨, 원본: (264, 607))
[20:48:47] DEBUG    늑대 감지: 1마리
[20:48:47] DEBUG      → (510,520) 135x108 score=0.698 [monster_bottom.png]
[20:48:47] INFO     게임 창 발견: HWND=263854
[20:48:47] DEBUG    게임 클라이언트 영역: x=4, y=31, w=1280, h=720
[20:48:47] DEBUG    캐릭터 HP: 0.7%
[20:48:47] DEBUG    [sendinput] 키 입력: scan=0x02
[20:48:47] INFO     물약 사용! (HP: 0.7%, 임계값: 50%)
[20:48:48] DEBUG    감지 실패 (1/3)
[20:48:48] DEBUG    감지 대기 중 (1/3)
[20:48:48] DEBUG    ROI 재탐색 성공: (177,584) score=0.691
[20:48:48] DEBUG    ROI 재탐색 성공: (181,578) score=0.801
[20:48:48] DEBUG    클릭 전 위치 보정: (225, 673)
[20:48:48] DEBUG    [sendinput] 클릭: (226, 673) → abs(28539, 39239)
[20:48:48] INFO     공격: (225, 673) (보정됨, 원본: (219, 675))
[20:48:49] DEBUG    감지 실패 (1/3)
[20:48:49] DEBUG    감지 대기 중 (1/3)
[20:48:49] DEBUG    ROI 재탐색 성공: (240,517) score=0.792
[20:48:49] DEBUG    ROI 재탐색 성공: (246,528) score=0.669
[20:48:49] DEBUG    클릭 전 위치 보정: (288, 619)
[20:48:49] DEBUG    [sendinput] 클릭: (286, 619) → abs(29850, 37394)
[20:48:49] INFO     공격: (288, 619) (보정됨, 원본: (284, 612))
[20:48:49] DEBUG    늑대 감지: 2마리
[20:48:49] DEBUG      → (239,516) 80x128 score=0.738 [monster_top.png]
[20:48:49] DEBUG      → (200,438) 167x99 score=0.732 [monster_left_top.png]
[20:48:49] DEBUG    감지 실패 (1/3)
[20:48:49] DEBUG    감지 대기 중 (1/3)
[20:48:50] DEBUG    ROI 재탐색 성공: (274,407) score=0.561
[20:48:50] DEBUG    ROI 재탐색 성공: (279,404) score=0.559
[20:48:50] DEBUG    클릭 전 위치 보정: (362, 482)
[20:48:50] DEBUG    [sendinput] 클릭: (364, 483) → abs(31554, 32750)
[20:48:50] INFO     공격: (362, 482) (보정됨, 원본: (357, 485))
[20:48:50] DEBUG    ROI 재탐색 성공: (298,389) score=0.645
[20:48:50] DEBUG    ROI 재탐색 성공: (307,385) score=0.632
[20:48:50] DEBUG    클릭 전 위치 보정: (394, 465)
[20:48:50] DEBUG    [sendinput] 클릭: (396, 467) → abs(32253, 32204)
[20:48:50] INFO     공격: (394, 465) (보정됨, 원본: (385, 469))
[20:48:50] DEBUG    늑대 감지: 2마리
[20:48:50] DEBUG      → (308,384) 167x99 score=0.632 [monster_left_top.png]
[20:48:50] DEBUG      → (46,124) 161x98 score=0.552 [monster_left_bottom.png]
[20:48:51] DEBUG    늑대 감지: 1마리
[20:48:51] DEBUG      → (505,138) 88x140 score=0.601 [monster_top.png]
[20:48:51] INFO     가장 가까운 몬스터: (505,138) score=0.601 [monster_top.png]
[20:48:51] DEBUG    ROI 재탐색 성공: (510,138) score=0.751
[20:48:51] DEBUG    클릭 전 위치 보정: (552, 229)
[20:48:51] DEBUG    [sendinput] 클릭: (552, 229) → abs(35662, 24076)
[20:48:51] INFO     공격: (552, 229) (보정됨, 원본: (553, 239))
[20:48:51] DEBUG    늑대 감지: 1마리
[20:48:51] DEBUG      → (511,145) 72x115 score=0.729 [monster_top.png]
[20:48:51] DEBUG    캐릭터 HP: 0.7%
[20:48:51] DEBUG    [sendinput] 키 입력: scan=0x02
[20:48:51] INFO     물약 사용! (HP: 0.7%, 임계값: 50%)
[20:48:52] DEBUG    감지 실패 (1/3)
[20:48:52] DEBUG    감지 대기 중 (1/3)
[20:48:52] DEBUG    감지 실패 (2/3)
[20:48:52] DEBUG    감지 대기 중 (2/3)
[20:48:53] DEBUG    감지 실패 (3/3)
[20:48:53] INFO     대상 소실 (연속 3회 미감지) → 사망 추정
[20:48:53] INFO     대상 사망 추정 → 아이템 줍기
[20:48:53] DEBUG    [sendinput] 키 입력: scan=0x39
[20:48:53] DEBUG    [sendinput] 키 입력: scan=0x39
[20:48:53] INFO     아이템 줍기 완료 (Spacebar ×2)
[20:48:54] INFO     대상 없음 (사유: not_found), 재탐색 대기...
[20:48:54] DEBUG    감지 상태 초기화
[20:48:54] INFO     매크로 중지 요청
[20:48:54] INFO     사냥 루프 종료
